{"numFailedTestSuites":0,"numFailedTests":0,"numPassedTestSuites":56,"numPassedTests":606,"numPendingTestSuites":0,"numPendingTests":0,"numRuntimeErrorTestSuites":0,"numTodoTests":0,"numTotalTestSuites":56,"numTotalTests":606,"openHandles":[],"snapshot":{"added":0,"didUpdate":false,"failure":false,"filesAdded":0,"filesRemoved":0,"filesRemovedList":[],"filesUnmatched":0,"filesUpdated":0,"matched":0,"total":0,"unchecked":0,"uncheckedKeysByFile":[],"unmatched":0,"updated":0},"startTime":1780483307323,"success":true,"testResults":[{"assertionResults":[{"ancestorTitles":["GCS Initial Tune Wizard High-Fidelity Behavioral Test Suite (initial-tune.js)","Form Layout and Prerequisites Banner"],"duration":65,"failing":false,"failureDetails":[],"failureMessages":[],"fullName":"GCS Initial Tune Wizard High-Fidelity Behavioral Test Suite (initial-tune.js) Form Layout and Prerequisites Banner should inject correct form elements, calculate buttons, and initially hide preview section","invocations":1,"location":null,"numPassingAsserts":7,"retryReasons":[],"startAt":1780483299938,"status":"passed","title":"should inject correct form elements, calculate buttons, and initially hide preview section"},{"ancestorTitles":["GCS Initial Tune Wizard High-Fidelity Behavioral Test Suite (initial-tune.js)","Chemistry Voltage Switch Defaults"],"duration":47,"failing":false,"failureDetails":[],"failureMessages":[],"fullName":"GCS Initial Tune Wizard High-Fidelity Behavioral Test Suite (initial-tune.js) Chemistry Voltage Switch Defaults should auto-populate charged/discharged voltage inputs correctly when switching battery chemistry options","invocations":1,"location":null,"numPassingAsserts":8,"retryReasons":[],"startAt":1780483300004,"status":"passed","title":"should auto-populate charged/discharged voltage inputs correctly when switching battery chemistry options"},{"ancestorTitles":["GCS Initial Tune Wizard High-Fidelity Behavioral Test Suite (initial-tune.js)","Prop Size Filter Scaling Calculator"],"duration":63,"failing":false,"failureDetails":[],"failureMessages":[],"fullName":"GCS Initial Tune Wizard High-Fidelity Behavioral Test Suite (initial-tune.js) Prop Size Filter Scaling Calculator should resolve correct gyro and rate filters for various propeller sizes","invocations":1,"location":null,"numPassingAsserts":4,"retryReasons":[],"startAt":1780483300052,"status":"passed","title":"should resolve correct gyro and rate filters for various propeller sizes"},{"ancestorTitles":["GCS Initial Tune Wizard High-Fidelity Behavioral Test Suite (initial-tune.js)","Suggested Settings & Failsafes Calculations"],"duration":30,"failing":false,"failureDetails":[],"failureMessages":[],"fullName":"GCS Initial Tune Wizard High-Fidelity Behavioral Test Suite (initial-tune.js) Suggested Settings & Failsafes Calculations should compile suggestive values table including battery voltage, ESC bounds, and AP4 low/critical options","invocations":1,"location":null,"numPassingAsserts":16,"retryReasons":[],"startAt":1780483300116,"status":"passed","title":"should compile suggestive values table including battery voltage, ESC bounds, and AP4 low/critical options"},{"ancestorTitles":["GCS Initial Tune Wizard High-Fidelity Behavioral Test Suite (initial-tune.js)","Write Suggestion List & Sequential Stagger Send"],"duration":38,"failing":false,"failureDetails":[],"failureMessages":[],"fullName":"GCS Initial Tune Wizard High-Fidelity Behavioral Test Suite (initial-tune.js) Write Suggestion List & Sequential Stagger Send should disable write button and dispatch param_set messages staggered by 120ms","invocations":1,"location":null,"numPassingAsserts":11,"retryReasons":[],"startAt":1780483300146,"status":"passed","title":"should disable write button and dispatch param_set messages staggered by 120ms"},{"ancestorTitles":["GCS Initial Tune Wizard High-Fidelity Behavioral Test Suite (initial-tune.js)","WebSocket Error Handlers"],"duration":28,"failing":false,"failureDetails":[],"failureMessages":[],"fullName":"GCS Initial Tune Wizard High-Fidelity Behavioral Test Suite (initial-tune.js) WebSocket Error Handlers should style the status badge as error if param_error ws message received","invocations":1,"location":null,"numPassingAsserts":2,"retryReasons":[],"startAt":1780483300184,"status":"passed","title":"should style the status badge as error if param_error ws message received"}],"endTime":1780483300299,"message":"","name":"E:\\TiHAN\\TflyGCS (1)\\TflyGCS\\test_frontend\\unit_test\\initial-tune.test.js","startTime":1780483299382,"status":"passed","summary":""},{"assertionResults":[{"ancestorTitles":["GCS Settings Window Shell & Sidebar Routing High-Fidelity Test Suite (settings-window.js)","Overlay Injection & Shell Layout"],"duration":54,"failing":false,"failureDetails":[],"failureMessages":[],"fullName":"GCS Settings Window Shell & Sidebar Routing High-Fidelity Test Suite (settings-window.js) Overlay Injection & Shell Layout should inject correct HTML shell when open() is called","invocations":1,"location":null,"numPassingAsserts":7,"retryReasons":[],"startAt":1780483300194,"status":"passed","title":"should inject correct HTML shell when open() is called"},{"ancestorTitles":["GCS Settings Window Shell & Sidebar Routing High-Fidelity Test Suite (settings-window.js)","Overlay Injection & Shell Layout"],"duration":107,"failing":false,"failureDetails":[],"failureMessages":[],"fullName":"GCS Settings Window Shell & Sidebar Routing High-Fidelity Test Suite (settings-window.js) Overlay Injection & Shell Layout should prevent double overlay creation on multiple open() calls","invocations":1,"location":null,"numPassingAsserts":1,"retryReasons":[],"startAt":1780483300249,"status":"passed","title":"should prevent double overlay creation on multiple open() calls"},{"ancestorTitles":["GCS Settings Window Shell & Sidebar Routing High-Fidelity Test Suite (settings-window.js)","Sidebar Routing & Lazy Load Module Triggers"],"duration":50,"failing":false,"failureDetails":[],"failureMessages":[],"fullName":"GCS Settings Window Shell & Sidebar Routing High-Fidelity Test Suite (settings-window.js) Sidebar Routing & Lazy Load Module Triggers should navigate between tabs and lazy-load relevant panels","invocations":1,"location":null,"numPassingAsserts":10,"retryReasons":[],"startAt":1780483300357,"status":"passed","title":"should navigate between tabs and lazy-load relevant panels"},{"ancestorTitles":["GCS Settings Window Shell & Sidebar Routing High-Fidelity Test Suite (settings-window.js)","Sidebar Routing & Lazy Load Module Triggers"],"duration":32,"failing":false,"failureDetails":[],"failureMessages":[],"fullName":"GCS Settings Window Shell & Sidebar Routing High-Fidelity Test Suite (settings-window.js) Sidebar Routing & Lazy Load Module Triggers should display error block if panel module fails to initialize","invocations":1,"location":null,"numPassingAsserts":2,"retryReasons":[],"startAt":1780483300407,"status":"passed","title":"should display error block if panel module fails to initialize"},{"ancestorTitles":["GCS Settings Window Shell & Sidebar Routing High-Fidelity Test Suite (settings-window.js)","Sidebar Routing & Lazy Load Module Triggers"],"duration":115,"failing":false,"failureDetails":[],"failureMessages":[],"fullName":"GCS Settings Window Shell & Sidebar Routing High-Fidelity Test Suite (settings-window.js) Sidebar Routing & Lazy Load Module Triggers should display script not loaded warning if module script is missing","invocations":1,"location":null,"numPassingAsserts":2,"retryReasons":[],"startAt":1780483300439,"status":"passed","title":"should display script not loaded warning if module script is missing"},{"ancestorTitles":["GCS Settings Window Shell & Sidebar Routing High-Fidelity Test Suite (settings-window.js)","Overlay Close & Dismissals"],"duration":57,"failing":false,"failureDetails":[],"failureMessages":[],"fullName":"GCS Settings Window Shell & Sidebar Routing High-Fidelity Test Suite (settings-window.js) Overlay Close & Dismissals should close the overlay on close button click with fade out","invocations":1,"location":null,"numPassingAsserts":4,"retryReasons":[],"startAt":1780483300558,"status":"passed","title":"should close the overlay on close button click with fade out"},{"ancestorTitles":["GCS Settings Window Shell & Sidebar Routing High-Fidelity Test Suite (settings-window.js)","Overlay Close & Dismissals"],"duration":56,"failing":false,"failureDetails":[],"failureMessages":[],"fullName":"GCS Settings Window Shell & Sidebar Routing High-Fidelity Test Suite (settings-window.js) Overlay Close & Dismissals should close overlay on Escape keydown","invocations":1,"location":null,"numPassingAsserts":3,"retryReasons":[],"startAt":1780483300615,"status":"passed","title":"should close overlay on Escape keydown"},{"ancestorTitles":["GCS Settings Window Shell & Sidebar Routing High-Fidelity Test Suite (settings-window.js)","SwUtil Shared Global Utility Helpers"],"duration":23,"failing":false,"failureDetails":[],"failureMessages":[],"fullName":"GCS Settings Window Shell & Sidebar Routing High-Fidelity Test Suite (settings-window.js) SwUtil Shared Global Utility Helpers should update status texts and classlists correctly","invocations":1,"location":null,"numPassingAsserts":2,"retryReasons":[],"startAt":1780483300672,"status":"passed","title":"should update status texts and classlists correctly"},{"ancestorTitles":["GCS Settings Window Shell & Sidebar Routing High-Fidelity Test Suite (settings-window.js)","SwUtil Shared Global Utility Helpers"],"duration":43,"failing":false,"failureDetails":[],"failureMessages":[],"fullName":"GCS Settings Window Shell & Sidebar Routing High-Fidelity Test Suite (settings-window.js) SwUtil Shared Global Utility Helpers should trigger micro-animated success and error toasts","invocations":1,"location":null,"numPassingAsserts":10,"retryReasons":[],"startAt":1780483300696,"status":"passed","title":"should trigger micro-animated success and error toasts"}],"endTime":1780483300923,"message":"","name":"E:\\TiHAN\\TflyGCS (1)\\TflyGCS\\test_frontend\\unit_test\\settings-window.test.js","startTime":1780483299707,"status":"passed","summary":""},{"assertionResults":[{"ancestorTitles":["GCS PID Tuning Panel High-Fidelity Behavioral Test Suite (pid-tuning.js)","Layout Injection & Inputs"],"duration":231,"failing":false,"failureDetails":[],"failureMessages":[],"fullName":"GCS PID Tuning Panel High-Fidelity Behavioral Test Suite (pid-tuning.js) Layout Injection & Inputs should inject correct headers, action buttons, and render all 45+ parameters","invocations":1,"location":null,"numPassingAsserts":4,"retryReasons":[],"startAt":1780483295984,"status":"passed","title":"should inject correct headers, action buttons, and render all 45+ parameters"},{"ancestorTitles":["GCS PID Tuning Panel High-Fidelity Behavioral Test Suite (pid-tuning.js)","Layout Injection & Inputs"],"duration":103,"failing":false,"failureDetails":[],"failureMessages":[],"fullName":"GCS PID Tuning Panel High-Fidelity Behavioral Test Suite (pid-tuning.js) Layout Injection & Inputs should initially show the idle state","invocations":1,"location":null,"numPassingAsserts":2,"retryReasons":[],"startAt":1780483296216,"status":"passed","title":"should initially show the idle state"},{"ancestorTitles":["GCS PID Tuning Panel High-Fidelity Behavioral Test Suite (pid-tuning.js)","Lock Pitch and Roll Values Mirroring"],"duration":94,"failing":false,"failureDetails":[],"failureMessages":[],"fullName":"GCS PID Tuning Panel High-Fidelity Behavioral Test Suite (pid-tuning.js) Lock Pitch and Roll Values Mirroring should mirror roll inputs to pitch inputs when mirror checkbox is checked","invocations":1,"location":null,"numPassingAsserts":1,"retryReasons":[],"startAt":1780483296319,"status":"passed","title":"should mirror roll inputs to pitch inputs when mirror checkbox is checked"},{"ancestorTitles":["GCS PID Tuning Panel High-Fidelity Behavioral Test Suite (pid-tuning.js)","Lock Pitch and Roll Values Mirroring"],"duration":87,"failing":false,"failureDetails":[],"failureMessages":[],"fullName":"GCS PID Tuning Panel High-Fidelity Behavioral Test Suite (pid-tuning.js) Lock Pitch and Roll Values Mirroring should not mirror roll inputs to pitch inputs when mirror checkbox is unchecked","invocations":1,"location":null,"numPassingAsserts":1,"retryReasons":[],"startAt":1780483296413,"status":"passed","title":"should not mirror roll inputs to pitch inputs when mirror checkbox is unchecked"},{"ancestorTitles":["GCS PID Tuning Panel High-Fidelity Behavioral Test Suite (pid-tuning.js)","Refresh / Fetch Parameters Engine"],"duration":118,"failing":false,"failureDetails":[],"failureMessages":[],"fullName":"GCS PID Tuning Panel High-Fidelity Behavioral Test Suite (pid-tuning.js) Refresh / Fetch Parameters Engine should trigger staggered fetches for all params sequentially","invocations":1,"location":null,"numPassingAsserts":8,"retryReasons":[],"startAt":1780483296501,"status":"passed","title":"should trigger staggered fetches for all params sequentially"},{"ancestorTitles":["GCS PID Tuning Panel High-Fidelity Behavioral Test Suite (pid-tuning.js)","Write Parameters Engine & Fleet Broadcasts"],"duration":119,"failing":false,"failureDetails":[],"failureMessages":[],"fullName":"GCS PID Tuning Panel High-Fidelity Behavioral Test Suite (pid-tuning.js) Write Parameters Engine & Fleet Broadcasts should send param_set packages sequentially for modified inputs","invocations":1,"location":null,"numPassingAsserts":4,"retryReasons":[],"startAt":1780483296619,"status":"passed","title":"should send param_set packages sequentially for modified inputs"},{"ancestorTitles":["GCS PID Tuning Panel High-Fidelity Behavioral Test Suite (pid-tuning.js)","Write Parameters Engine & Fleet Broadcasts"],"duration":92,"failing":false,"failureDetails":[],"failureMessages":[],"fullName":"GCS PID Tuning Panel High-Fidelity Behavioral Test Suite (pid-tuning.js) Write Parameters Engine & Fleet Broadcasts should broadcast parameters to all fleet members when selectedSysId is 0 (All Drones)","invocations":1,"location":null,"numPassingAsserts":4,"retryReasons":[],"startAt":1780483296738,"status":"passed","title":"should broadcast parameters to all fleet members when selectedSysId is 0 (All Drones)"},{"ancestorTitles":["GCS PID Tuning Panel High-Fidelity Behavioral Test Suite (pid-tuning.js)","WebSocket Interaction & Visual Confirmation Feedback"],"duration":136,"failing":false,"failureDetails":[],"failureMessages":[],"fullName":"GCS PID Tuning Panel High-Fidelity Behavioral Test Suite (pid-tuning.js) WebSocket Interaction & Visual Confirmation Feedback should update input value and flash positive styling upon param_value update","invocations":1,"location":null,"numPassingAsserts":3,"retryReasons":[],"startAt":1780483296831,"status":"passed","title":"should update input value and flash positive styling upon param_value update"},{"ancestorTitles":["GCS PID Tuning Panel High-Fidelity Behavioral Test Suite (pid-tuning.js)","WebSocket Interaction & Visual Confirmation Feedback"],"duration":83,"failing":false,"failureDetails":[],"failureMessages":[],"fullName":"GCS PID Tuning Panel High-Fidelity Behavioral Test Suite (pid-tuning.js) WebSocket Interaction & Visual Confirmation Feedback should update input value and flash positive styling upon parameter message","invocations":1,"location":null,"numPassingAsserts":1,"retryReasons":[],"startAt":1780483296967,"status":"passed","title":"should update input value and flash positive styling upon parameter message"},{"ancestorTitles":["GCS PID Tuning Panel High-Fidelity Behavioral Test Suite (pid-tuning.js)","WebSocket Interaction & Visual Confirmation Feedback"],"duration":73,"failing":false,"failureDetails":[],"failureMessages":[],"fullName":"GCS PID Tuning Panel High-Fidelity Behavioral Test Suite (pid-tuning.js) WebSocket Interaction & Visual Confirmation Feedback should display warning status message if param_error is received","invocations":1,"location":null,"numPassingAsserts":2,"retryReasons":[],"startAt":1780483297050,"status":"passed","title":"should display warning status message if param_error is received"}],"endTime":1780483297242,"message":"","name":"E:\\TiHAN\\TflyGCS (1)\\TflyGCS\\test_frontend\\unit_test\\pid-tuning.test.js","startTime":1780483295111,"status":"passed","summary":""},{"assertionResults":[{"ancestorTitles":["GCS Compass Calibration High-Fidelity Behavioral Test Suite (calib-compass.js)","Layout Injection & Priority Reordering"],"duration":139,"failing":false,"failureDetails":[],"failureMessages":[],"fullName":"GCS Compass Calibration High-Fidelity Behavioral Test Suite (calib-compass.js) Layout Injection & Priority Reordering should inject correct HTML templates, render rows, and allow priority row sorting up/down","invocations":1,"location":null,"numPassingAsserts":9,"retryReasons":[],"startAt":1780483297745,"status":"passed","title":"should inject correct HTML templates, render rows, and allow priority row sorting up/down"},{"ancestorTitles":["GCS Compass Calibration High-Fidelity Behavioral Test Suite (calib-compass.js)","Layout Injection & Priority Reordering"],"duration":108,"failing":false,"failureDetails":[],"failureMessages":[],"fullName":"GCS Compass Calibration High-Fidelity Behavioral Test Suite (calib-compass.js) Layout Injection & Priority Reordering should allow removing missing compasses checkboxes","invocations":1,"location":null,"numPassingAsserts":4,"retryReasons":[],"startAt":1780483297886,"status":"passed","title":"should allow removing missing compasses checkboxes"},{"ancestorTitles":["GCS Compass Calibration High-Fidelity Behavioral Test Suite (calib-compass.js)","MagCal Calibration Commands & Toggles"],"duration":67,"failing":false,"failureDetails":[],"failureMessages":[],"fullName":"GCS Compass Calibration High-Fidelity Behavioral Test Suite (calib-compass.js) MagCal Calibration Commands & Toggles should start calibration with large vehicle toggles and cancel active session","invocations":1,"location":null,"numPassingAsserts":8,"retryReasons":[],"startAt":1780483297995,"status":"passed","title":"should start calibration with large vehicle toggles and cancel active session"},{"ancestorTitles":["GCS Compass Calibration High-Fidelity Behavioral Test Suite (calib-compass.js)","MagCal Calibration Commands & Toggles"],"duration":54,"failing":false,"failureDetails":[],"failureMessages":[],"fullName":"GCS Compass Calibration High-Fidelity Behavioral Test Suite (calib-compass.js) MagCal Calibration Commands & Toggles should support large vehicle calibration triggers","invocations":1,"location":null,"numPassingAsserts":1,"retryReasons":[],"startAt":1780483298062,"status":"passed","title":"should support large vehicle calibration triggers"},{"ancestorTitles":["GCS Compass Calibration High-Fidelity Behavioral Test Suite (calib-compass.js)","MagCal Calibration Commands & Toggles"],"duration":64,"failing":false,"failureDetails":[],"failureMessages":[],"fullName":"GCS Compass Calibration High-Fidelity Behavioral Test Suite (calib-compass.js) MagCal Calibration Commands & Toggles should trigger large vehicle magcal button directly","invocations":1,"location":null,"numPassingAsserts":1,"retryReasons":[],"startAt":1780483298117,"status":"passed","title":"should trigger large vehicle magcal button directly"},{"ancestorTitles":["GCS Compass Calibration High-Fidelity Behavioral Test Suite (calib-compass.js)","WebSocket MagCal Progress & Status Updates"],"duration":134,"failing":false,"failureDetails":[],"failureMessages":[],"fullName":"GCS Compass Calibration High-Fidelity Behavioral Test Suite (calib-compass.js) WebSocket MagCal Progress & Status Updates should update progress bars, active indicators, and plot canvas dots","invocations":1,"location":null,"numPassingAsserts":9,"retryReasons":[],"startAt":1780483298182,"status":"passed","title":"should update progress bars, active indicators, and plot canvas dots"},{"ancestorTitles":["GCS Compass Calibration High-Fidelity Behavioral Test Suite (calib-compass.js)","MagCal Result Handling & Reboot Overlay"],"duration":44,"failing":false,"failureDetails":[],"failureMessages":[],"fullName":"GCS Compass Calibration High-Fidelity Behavioral Test Suite (calib-compass.js) MagCal Result Handling & Reboot Overlay should handle final success done result, pop reboot overlay, and write reboot FC command","invocations":1,"location":null,"numPassingAsserts":9,"retryReasons":[],"startAt":1780483298317,"status":"passed","title":"should handle final success done result, pop reboot overlay, and write reboot FC command"},{"ancestorTitles":["GCS Compass Calibration High-Fidelity Behavioral Test Suite (calib-compass.js)","MagCal Result Handling & Reboot Overlay"],"duration":34,"failing":false,"failureDetails":[],"failureMessages":[],"fullName":"GCS Compass Calibration High-Fidelity Behavioral Test Suite (calib-compass.js) MagCal Result Handling & Reboot Overlay should handle failed MagCal result, mark bars red, and indicate failures","invocations":1,"location":null,"numPassingAsserts":4,"retryReasons":[],"startAt":1780483298361,"status":"passed","title":"should handle failed MagCal result, mark bars red, and indicate failures"}],"endTime":1780483298476,"message":"","name":"E:\\TiHAN\\TflyGCS (1)\\TflyGCS\\test_frontend\\unit_test\\calib-compass.test.js","startTime":1780483297277,"status":"passed","summary":""},{"assertionResults":[{"ancestorTitles":["Full Parameter Panel Suite (js/param-full.js)"],"duration":146,"failing":false,"failureDetails":[],"failureMessages":[],"fullName":"Full Parameter Panel Suite (js/param-full.js) should initialize panel UI and fetch metadata correctly","invocations":1,"location":null,"numPassingAsserts":5,"retryReasons":[],"startAt":1780483295962,"status":"passed","title":"should initialize panel UI and fetch metadata correctly"},{"ancestorTitles":["Full Parameter Panel Suite (js/param-full.js)"],"duration":66,"failing":false,"failureDetails":[],"failureMessages":[],"fullName":"Full Parameter Panel Suite (js/param-full.js) should handle param_load_start and display progress correctly","invocations":1,"location":null,"numPassingAsserts":2,"retryReasons":[],"startAt":1780483296110,"status":"passed","title":"should handle param_load_start and display progress correctly"},{"ancestorTitles":["Full Parameter Panel Suite (js/param-full.js)"],"duration":53,"failing":false,"failureDetails":[],"failureMessages":[],"fullName":"Full Parameter Panel Suite (js/param-full.js) should handle param_load_progress updates","invocations":1,"location":null,"numPassingAsserts":2,"retryReasons":[],"startAt":1780483296176,"status":"passed","title":"should handle param_load_progress updates"},{"ancestorTitles":["Full Parameter Panel Suite (js/param-full.js)"],"duration":167,"failing":false,"failureDetails":[],"failureMessages":[],"fullName":"Full Parameter Panel Suite (js/param-full.js) should build table completely on param_all cache load","invocations":1,"location":null,"numPassingAsserts":5,"retryReasons":[],"startAt":1780483296229,"status":"passed","title":"should build table completely on param_all cache load"},{"ancestorTitles":["Full Parameter Panel Suite (js/param-full.js)"],"duration":91,"failing":false,"failureDetails":[],"failureMessages":[],"fullName":"Full Parameter Panel Suite (js/param-full.js) should upsert single row dynamically on param_value arrival","invocations":1,"location":null,"numPassingAsserts":3,"retryReasons":[],"startAt":1780483296396,"status":"passed","title":"should upsert single row dynamically on param_value arrival"},{"ancestorTitles":["Full Parameter Panel Suite (js/param-full.js)"],"duration":51,"failing":false,"failureDetails":[],"failureMessages":[],"fullName":"Full Parameter Panel Suite (js/param-full.js) should mark rows as dirty when values are edited","invocations":1,"location":null,"numPassingAsserts":3,"retryReasons":[],"startAt":1780483296488,"status":"passed","title":"should mark rows as dirty when values are edited"},{"ancestorTitles":["Full Parameter Panel Suite (js/param-full.js)"],"duration":82,"failing":false,"failureDetails":[],"failureMessages":[],"fullName":"Full Parameter Panel Suite (js/param-full.js) should write changed parameter values on Enter key","invocations":1,"location":null,"numPassingAsserts":1,"retryReasons":[],"startAt":1780483296540,"status":"passed","title":"should write changed parameter values on Enter key"},{"ancestorTitles":["Full Parameter Panel Suite (js/param-full.js)"],"duration":185,"failing":false,"failureDetails":[],"failureMessages":[],"fullName":"Full Parameter Panel Suite (js/param-full.js) should support dropdown selection comboboxes for categorical parameters","invocations":1,"location":null,"numPassingAsserts":3,"retryReasons":[],"startAt":1780483296622,"status":"passed","title":"should support dropdown selection comboboxes for categorical parameters"},{"ancestorTitles":["Full Parameter Panel Suite (js/param-full.js)"],"duration":118,"failing":false,"failureDetails":[],"failureMessages":[],"fullName":"Full Parameter Panel Suite (js/param-full.js) should search/filter table correctly","invocations":1,"location":null,"numPassingAsserts":4,"retryReasons":[],"startAt":1780483296808,"status":"passed","title":"should search/filter table correctly"},{"ancestorTitles":["Full Parameter Panel Suite (js/param-full.js)"],"duration":65,"failing":false,"failureDetails":[],"failureMessages":[],"fullName":"Full Parameter Panel Suite (js/param-full.js) should broadcast dirty parameters to all active drones if sysid = 0","invocations":1,"location":null,"numPassingAsserts":2,"retryReasons":[],"startAt":1780483296926,"status":"passed","title":"should broadcast dirty parameters to all active drones if sysid = 0"},{"ancestorTitles":["Full Parameter Panel Suite (js/param-full.js)"],"duration":60,"failing":false,"failureDetails":[],"failureMessages":[],"fullName":"Full Parameter Panel Suite (js/param-full.js) should support save to file and load from file prompts","invocations":1,"location":null,"numPassingAsserts":2,"retryReasons":[],"startAt":1780483296991,"status":"passed","title":"should support save to file and load from file prompts"},{"ancestorTitles":["Full Parameter Panel Suite (js/param-full.js)"],"duration":87,"failing":false,"failureDetails":[],"failureMessages":[],"fullName":"Full Parameter Panel Suite (js/param-full.js) should clear dirty param on param_set_sent ack arrival","invocations":1,"location":null,"numPassingAsserts":3,"retryReasons":[],"startAt":1780483297051,"status":"passed","title":"should clear dirty param on param_set_sent ack arrival"},{"ancestorTitles":["Full Parameter Panel Suite (js/param-full.js)"],"duration":49,"failing":false,"failureDetails":[],"failureMessages":[],"fullName":"Full Parameter Panel Suite (js/param-full.js) should re-request parameters when current active vehicle is changed","invocations":1,"location":null,"numPassingAsserts":2,"retryReasons":[],"startAt":1780483297138,"status":"passed","title":"should re-request parameters when current active vehicle is changed"}],"endTime":1780483297295,"message":"","name":"E:\\TiHAN\\TflyGCS (1)\\TflyGCS\\test_frontend\\unit_test\\param-full.test.js","startTime":1780483295114,"status":"passed","summary":""},{"assertionResults":[{"ancestorTitles":["Plan Flight Mode - Polygon Actions High-Fidelity Behavioral Test Suite (plan-flight-polygon.js)","Prototype Extension Validation"],"duration":4,"failing":false,"failureDetails":[],"failureMessages":[],"fullName":"Plan Flight Mode - Polygon Actions High-Fidelity Behavioral Test Suite (plan-flight-polygon.js) Prototype Extension Validation should extend PlanFlightMode prototype with correct action handlers","invocations":1,"location":null,"numPassingAsserts":6,"retryReasons":[],"startAt":1780483300143,"status":"passed","title":"should extend PlanFlightMode prototype with correct action handlers"},{"ancestorTitles":["Plan Flight Mode - Polygon Actions High-Fidelity Behavioral Test Suite (plan-flight-polygon.js)","Function: handlePolygonActions"],"duration":3,"failing":false,"failureDetails":[],"failureMessages":[],"fullName":"Plan Flight Mode - Polygon Actions High-Fidelity Behavioral Test Suite (plan-flight-polygon.js) Function: handlePolygonActions should route draw-polygon action","invocations":1,"location":null,"numPassingAsserts":1,"retryReasons":[],"startAt":1780483300149,"status":"passed","title":"should route draw-polygon action"},{"ancestorTitles":["Plan Flight Mode - Polygon Actions High-Fidelity Behavioral Test Suite (plan-flight-polygon.js)","Function: handlePolygonActions"],"duration":2,"failing":false,"failureDetails":[],"failureMessages":[],"fullName":"Plan Flight Mode - Polygon Actions High-Fidelity Behavioral Test Suite (plan-flight-polygon.js) Function: handlePolygonActions should route survey-pattern action","invocations":1,"location":null,"numPassingAsserts":1,"retryReasons":[],"startAt":1780483300152,"status":"passed","title":"should route survey-pattern action"},{"ancestorTitles":["Plan Flight Mode - Polygon Actions High-Fidelity Behavioral Test Suite (plan-flight-polygon.js)","Function: handlePolygonActions"],"duration":2,"failing":false,"failureDetails":[],"failureMessages":[],"fullName":"Plan Flight Mode - Polygon Actions High-Fidelity Behavioral Test Suite (plan-flight-polygon.js) Function: handlePolygonActions should route survey-settings action","invocations":1,"location":null,"numPassingAsserts":1,"retryReasons":[],"startAt":1780483300154,"status":"passed","title":"should route survey-settings action"},{"ancestorTitles":["Plan Flight Mode - Polygon Actions High-Fidelity Behavioral Test Suite (plan-flight-polygon.js)","Function: handlePolygonActions"],"duration":2,"failing":false,"failureDetails":[],"failureMessages":[],"fullName":"Plan Flight Mode - Polygon Actions High-Fidelity Behavioral Test Suite (plan-flight-polygon.js) Function: handlePolygonActions should route clear-polygon action","invocations":1,"location":null,"numPassingAsserts":1,"retryReasons":[],"startAt":1780483300156,"status":"passed","title":"should route clear-polygon action"},{"ancestorTitles":["Plan Flight Mode - Polygon Actions High-Fidelity Behavioral Test Suite (plan-flight-polygon.js)","Function: handlePolygonActions"],"duration":3,"failing":false,"failureDetails":[],"failureMessages":[],"fullName":"Plan Flight Mode - Polygon Actions High-Fidelity Behavioral Test Suite (plan-flight-polygon.js) Function: handlePolygonActions should log warning for unknown action","invocations":1,"location":null,"numPassingAsserts":1,"retryReasons":[],"startAt":1780483300158,"status":"passed","title":"should log warning for unknown action"},{"ancestorTitles":["Plan Flight Mode - Polygon Actions High-Fidelity Behavioral Test Suite (plan-flight-polygon.js)","Function: drawPolygon"],"duration":2,"failing":false,"failureDetails":[],"failureMessages":[],"fullName":"Plan Flight Mode - Polygon Actions High-Fidelity Behavioral Test Suite (plan-flight-polygon.js) Function: drawPolygon should handle error state if PolygonManager is missing","invocations":1,"location":null,"numPassingAsserts":2,"retryReasons":[],"startAt":1780483300162,"status":"passed","title":"should handle error state if PolygonManager is missing"},{"ancestorTitles":["Plan Flight Mode - Polygon Actions High-Fidelity Behavioral Test Suite (plan-flight-polygon.js)","Function: drawPolygon"],"duration":1,"failing":false,"failureDetails":[],"failureMessages":[],"fullName":"Plan Flight Mode - Polygon Actions High-Fidelity Behavioral Test Suite (plan-flight-polygon.js) Function: drawPolygon should cancel drawing if PolygonManager is already drawing","invocations":1,"location":null,"numPassingAsserts":1,"retryReasons":[],"startAt":1780483300164,"status":"passed","title":"should cancel drawing if PolygonManager is already drawing"},{"ancestorTitles":["Plan Flight Mode - Polygon Actions High-Fidelity Behavioral Test Suite (plan-flight-polygon.js)","Function: drawPolygon"],"duration":1,"failing":false,"failureDetails":[],"failureMessages":[],"fullName":"Plan Flight Mode - Polygon Actions High-Fidelity Behavioral Test Suite (plan-flight-polygon.js) Function: drawPolygon should cancel current operation if WaypointManager is in active mode","invocations":1,"location":null,"numPassingAsserts":1,"retryReasons":[],"startAt":1780483300165,"status":"passed","title":"should cancel current operation if WaypointManager is in active mode"},{"ancestorTitles":["Plan Flight Mode - Polygon Actions High-Fidelity Behavioral Test Suite (plan-flight-polygon.js)","Function: drawPolygon"],"duration":1,"failing":false,"failureDetails":[],"failureMessages":[],"fullName":"Plan Flight Mode - Polygon Actions High-Fidelity Behavioral Test Suite (plan-flight-polygon.js) Function: drawPolygon should start drawing session and output instructions toast on success","invocations":1,"location":null,"numPassingAsserts":2,"retryReasons":[],"startAt":1780483300167,"status":"passed","title":"should start drawing session and output instructions toast on success"},{"ancestorTitles":["Plan Flight Mode - Polygon Actions High-Fidelity Behavioral Test Suite (plan-flight-polygon.js)","Function: showSurveyPattern"],"duration":2,"failing":false,"failureDetails":[],"failureMessages":[],"fullName":"Plan Flight Mode - Polygon Actions High-Fidelity Behavioral Test Suite (plan-flight-polygon.js) Function: showSurveyPattern should handle error state if PolygonManager is missing","invocations":1,"location":null,"numPassingAsserts":2,"retryReasons":[],"startAt":1780483300168,"status":"passed","title":"should handle error state if PolygonManager is missing"},{"ancestorTitles":["Plan Flight Mode - Polygon Actions High-Fidelity Behavioral Test Suite (plan-flight-polygon.js)","Function: showSurveyPattern"],"duration":1,"failing":false,"failureDetails":[],"failureMessages":[],"fullName":"Plan Flight Mode - Polygon Actions High-Fidelity Behavioral Test Suite (plan-flight-polygon.js) Function: showSurveyPattern should open the survey pattern modal via PolygonManager","invocations":1,"location":null,"numPassingAsserts":1,"retryReasons":[],"startAt":1780483300171,"status":"passed","title":"should open the survey pattern modal via PolygonManager"},{"ancestorTitles":["Plan Flight Mode - Polygon Actions High-Fidelity Behavioral Test Suite (plan-flight-polygon.js)","Function: showSurveySettings"],"duration":2,"failing":false,"failureDetails":[],"failureMessages":[],"fullName":"Plan Flight Mode - Polygon Actions High-Fidelity Behavioral Test Suite (plan-flight-polygon.js) Function: showSurveySettings should handle error state if PolygonManager is missing","invocations":1,"location":null,"numPassingAsserts":2,"retryReasons":[],"startAt":1780483300173,"status":"passed","title":"should handle error state if PolygonManager is missing"},{"ancestorTitles":["Plan Flight Mode - Polygon Actions High-Fidelity Behavioral Test Suite (plan-flight-polygon.js)","Function: showSurveySettings"],"duration":3,"failing":false,"failureDetails":[],"failureMessages":[],"fullName":"Plan Flight Mode - Polygon Actions High-Fidelity Behavioral Test Suite (plan-flight-polygon.js) Function: showSurveySettings should delegate to showSurveySettingsModal on success","invocations":1,"location":null,"numPassingAsserts":1,"retryReasons":[],"startAt":1780483300175,"status":"passed","title":"should delegate to showSurveySettingsModal on success"},{"ancestorTitles":["Plan Flight Mode - Polygon Actions High-Fidelity Behavioral Test Suite (plan-flight-polygon.js)","Function: showSurveySettingsModal"],"duration":1,"failing":false,"failureDetails":[],"failureMessages":[],"fullName":"Plan Flight Mode - Polygon Actions High-Fidelity Behavioral Test Suite (plan-flight-polygon.js) Function: showSurveySettingsModal should do nothing and print error if PolygonManager is missing","invocations":1,"location":null,"numPassingAsserts":1,"retryReasons":[],"startAt":1780483300179,"status":"passed","title":"should do nothing and print error if PolygonManager is missing"},{"ancestorTitles":["Plan Flight Mode - Polygon Actions High-Fidelity Behavioral Test Suite (plan-flight-polygon.js)","Function: showSurveySettingsModal"],"duration":217,"failing":false,"failureDetails":[],"failureMessages":[],"fullName":"Plan Flight Mode - Polygon Actions High-Fidelity Behavioral Test Suite (plan-flight-polygon.js) Function: showSurveySettingsModal should remove existing modal, render the layout, and set up live mathematical calculations","invocations":1,"location":null,"numPassingAsserts":15,"retryReasons":[],"startAt":1780483300181,"status":"passed","title":"should remove existing modal, render the layout, and set up live mathematical calculations"},{"ancestorTitles":["Plan Flight Mode - Polygon Actions High-Fidelity Behavioral Test Suite (plan-flight-polygon.js)","Function: showSurveySettingsModal"],"duration":161,"failing":false,"failureDetails":[],"failureMessages":[],"fullName":"Plan Flight Mode - Polygon Actions High-Fidelity Behavioral Test Suite (plan-flight-polygon.js) Function: showSurveySettingsModal should dismiss the modal if cancel button is clicked","invocations":1,"location":null,"numPassingAsserts":2,"retryReasons":[],"startAt":1780483300398,"status":"passed","title":"should dismiss the modal if cancel button is clicked"},{"ancestorTitles":["Plan Flight Mode - Polygon Actions High-Fidelity Behavioral Test Suite (plan-flight-polygon.js)","Function: showSurveySettingsModal"],"duration":107,"failing":false,"failureDetails":[],"failureMessages":[],"fullName":"Plan Flight Mode - Polygon Actions High-Fidelity Behavioral Test Suite (plan-flight-polygon.js) Function: showSurveySettingsModal should dismiss the modal if backdrop is clicked","invocations":1,"location":null,"numPassingAsserts":2,"retryReasons":[],"startAt":1780483300559,"status":"passed","title":"should dismiss the modal if backdrop is clicked"},{"ancestorTitles":["Plan Flight Mode - Polygon Actions High-Fidelity Behavioral Test Suite (plan-flight-polygon.js)","Function: showSurveySettingsModal"],"duration":60,"failing":false,"failureDetails":[],"failureMessages":[],"fullName":"Plan Flight Mode - Polygon Actions High-Fidelity Behavioral Test Suite (plan-flight-polygon.js) Function: showSurveySettingsModal should NOT dismiss the modal if modal content box itself is clicked","invocations":1,"location":null,"numPassingAsserts":2,"retryReasons":[],"startAt":1780483300666,"status":"passed","title":"should NOT dismiss the modal if modal content box itself is clicked"},{"ancestorTitles":["Plan Flight Mode - Polygon Actions High-Fidelity Behavioral Test Suite (plan-flight-polygon.js)","Function: showSurveySettingsModal"],"duration":66,"failing":false,"failureDetails":[],"failureMessages":[],"fullName":"Plan Flight Mode - Polygon Actions High-Fidelity Behavioral Test Suite (plan-flight-polygon.js) Function: showSurveySettingsModal should apply and regenerate the survey grid on clicking Apply","invocations":1,"location":null,"numPassingAsserts":11,"retryReasons":[],"startAt":1780483300727,"status":"passed","title":"should apply and regenerate the survey grid on clicking Apply"},{"ancestorTitles":["Plan Flight Mode - Polygon Actions High-Fidelity Behavioral Test Suite (plan-flight-polygon.js)","Function: clearPolygon"],"duration":4,"failing":false,"failureDetails":[],"failureMessages":[],"fullName":"Plan Flight Mode - Polygon Actions High-Fidelity Behavioral Test Suite (plan-flight-polygon.js) Function: clearPolygon should handle error state if PolygonManager is missing","invocations":1,"location":null,"numPassingAsserts":2,"retryReasons":[],"startAt":1780483300797,"status":"passed","title":"should handle error state if PolygonManager is missing"},{"ancestorTitles":["Plan Flight Mode - Polygon Actions High-Fidelity Behavioral Test Suite (plan-flight-polygon.js)","Function: clearPolygon"],"duration":3,"failing":false,"failureDetails":[],"failureMessages":[],"fullName":"Plan Flight Mode - Polygon Actions High-Fidelity Behavioral Test Suite (plan-flight-polygon.js) Function: clearPolygon should do nothing if the user rejects the confirm dialog","invocations":1,"location":null,"numPassingAsserts":3,"retryReasons":[],"startAt":1780483300801,"status":"passed","title":"should do nothing if the user rejects the confirm dialog"},{"ancestorTitles":["Plan Flight Mode - Polygon Actions High-Fidelity Behavioral Test Suite (plan-flight-polygon.js)","Function: clearPolygon"],"duration":3,"failing":false,"failureDetails":[],"failureMessages":[],"fullName":"Plan Flight Mode - Polygon Actions High-Fidelity Behavioral Test Suite (plan-flight-polygon.js) Function: clearPolygon should clear polygon, remove map layers, and log success if user confirms","invocations":1,"location":null,"numPassingAsserts":3,"retryReasons":[],"startAt":1780483300804,"status":"passed","title":"should clear polygon, remove map layers, and log success if user confirms"}],"endTime":1780483300994,"message":"","name":"E:\\TiHAN\\TflyGCS (1)\\TflyGCS\\test_frontend\\unit_test\\plan-flight-polygon.test.js","startTime":1780483299604,"status":"passed","summary":""},{"assertionResults":[{"ancestorTitles":["Review Log Browser High-Fidelity Behavioral Test Suite","DOM Layout & Setup UI Controls"],"duration":82,"failing":false,"failureDetails":[],"failureMessages":[],"fullName":"Review Log Browser High-Fidelity Behavioral Test Suite DOM Layout & Setup UI Controls should inject Review Log window, control bars and overlay panels upon loading","invocations":1,"location":null,"numPassingAsserts":4,"retryReasons":[],"startAt":1780483296027,"status":"passed","title":"should inject Review Log window, control bars and overlay panels upon loading"},{"ancestorTitles":["Review Log Browser High-Fidelity Behavioral Test Suite","DOM Layout & Setup UI Controls"],"duration":37,"failing":false,"failureDetails":[],"failureMessages":[],"fullName":"Review Log Browser High-Fidelity Behavioral Test Suite DOM Layout & Setup UI Controls ReviewLog.open should show the container and hide map/telemetry panels","invocations":1,"location":null,"numPassingAsserts":11,"retryReasons":[],"startAt":1780483296114,"status":"passed","title":"ReviewLog.open should show the container and hide map/telemetry panels"},{"ancestorTitles":["Review Log Browser High-Fidelity Behavioral Test Suite","DOM Layout & Setup UI Controls"],"duration":49,"failing":false,"failureDetails":[],"failureMessages":[],"fullName":"Review Log Browser High-Fidelity Behavioral Test Suite DOM Layout & Setup UI Controls ReviewLog.close should hide the container and invoke AnalyzeToolsPanel.goBack","invocations":1,"location":null,"numPassingAsserts":2,"retryReasons":[],"startAt":1780483296152,"status":"passed","title":"ReviewLog.close should hide the container and invoke AnalyzeToolsPanel.goBack"},{"ancestorTitles":["Review Log Browser High-Fidelity Behavioral Test Suite","DOM Layout & Setup UI Controls"],"duration":36,"failing":false,"failureDetails":[],"failureMessages":[],"fullName":"Review Log Browser High-Fidelity Behavioral Test Suite DOM Layout & Setup UI Controls ReviewLog.close should fall back to restoring panel displays if AnalyzeToolsPanel is missing","invocations":1,"location":null,"numPassingAsserts":5,"retryReasons":[],"startAt":1780483296201,"status":"passed","title":"ReviewLog.close should fall back to restoring panel displays if AnalyzeToolsPanel is missing"},{"ancestorTitles":["Review Log Browser High-Fidelity Behavioral Test Suite","In-Browser Binary Log Parser"],"duration":201,"failing":false,"failureDetails":[],"failureMessages":[],"fullName":"Review Log Browser High-Fidelity Behavioral Test Suite In-Browser Binary Log Parser should successfully parse a valid binary DataFlash file buffer and populate tree view","invocations":1,"location":null,"numPassingAsserts":11,"retryReasons":[],"startAt":1780483296237,"status":"passed","title":"should successfully parse a valid binary DataFlash file buffer and populate tree view"},{"ancestorTitles":["Review Log Browser High-Fidelity Behavioral Test Suite","In-Browser Binary Log Parser"],"duration":38,"failing":false,"failureDetails":[],"failureMessages":[],"fullName":"Review Log Browser High-Fidelity Behavioral Test Suite In-Browser Binary Log Parser should show error indicator when FileReader encounters read error","invocations":1,"location":null,"numPassingAsserts":3,"retryReasons":[],"startAt":1780483296439,"status":"passed","title":"should show error indicator when FileReader encounters read error"},{"ancestorTitles":["Review Log Browser High-Fidelity Behavioral Test Suite","In-Browser Binary Log Parser"],"duration":45,"failing":false,"failureDetails":[],"failureMessages":[],"fullName":"Review Log Browser High-Fidelity Behavioral Test Suite In-Browser Binary Log Parser should show error when parsing returns no messages","invocations":1,"location":null,"numPassingAsserts":3,"retryReasons":[],"startAt":1780483296477,"status":"passed","title":"should show error when parsing returns no messages"},{"ancestorTitles":["Review Log Browser High-Fidelity Behavioral Test Suite","In-Browser Binary Log Parser"],"duration":32,"failing":false,"failureDetails":[],"failureMessages":[],"fullName":"Review Log Browser High-Fidelity Behavioral Test Suite In-Browser Binary Log Parser should handle corrupt bytes gracefully and skip offsets using stall guard","invocations":1,"location":null,"numPassingAsserts":1,"retryReasons":[],"startAt":1780483296522,"status":"passed","title":"should handle corrupt bytes gracefully and skip offsets using stall guard"},{"ancestorTitles":["Review Log Browser High-Fidelity Behavioral Test Suite","Search & Filter Tree View"],"duration":57,"failing":false,"failureDetails":[],"failureMessages":[],"fullName":"Review Log Browser High-Fidelity Behavioral Test Suite Search & Filter Tree View should show all message groups when query is empty","invocations":1,"location":null,"numPassingAsserts":4,"retryReasons":[],"startAt":1780483296554,"status":"passed","title":"should show all message groups when query is empty"},{"ancestorTitles":["Review Log Browser High-Fidelity Behavioral Test Suite","Search & Filter Tree View"],"duration":64,"failing":false,"failureDetails":[],"failureMessages":[],"fullName":"Review Log Browser High-Fidelity Behavioral Test Suite Search & Filter Tree View should filter groups matching message name search query","invocations":1,"location":null,"numPassingAsserts":3,"retryReasons":[],"startAt":1780483296611,"status":"passed","title":"should filter groups matching message name search query"},{"ancestorTitles":["Review Log Browser High-Fidelity Behavioral Test Suite","Search & Filter Tree View"],"duration":53,"failing":false,"failureDetails":[],"failureMessages":[],"fullName":"Review Log Browser High-Fidelity Behavioral Test Suite Search & Filter Tree View should search fields inside groups and open matching group list elements","invocations":1,"location":null,"numPassingAsserts":4,"retryReasons":[],"startAt":1780483296676,"status":"passed","title":"should search fields inside groups and open matching group list elements"},{"ancestorTitles":["Review Log Browser High-Fidelity Behavioral Test Suite","Graphing & Legend Controls"],"duration":100,"failing":false,"failureDetails":[],"failureMessages":[],"fullName":"Review Log Browser High-Fidelity Behavioral Test Suite Graphing & Legend Controls clicking field row should toggle active classes, trigger fetch, plot series & compute stats","invocations":1,"location":null,"numPassingAsserts":17,"retryReasons":[],"startAt":1780483296729,"status":"passed","title":"clicking field row should toggle active classes, trigger fetch, plot series & compute stats"},{"ancestorTitles":["Review Log Browser High-Fidelity Behavioral Test Suite","Graphing & Legend Controls"],"duration":90,"failing":false,"failureDetails":[],"failureMessages":[],"fullName":"Review Log Browser High-Fidelity Behavioral Test Suite Graphing & Legend Controls clicking on a legend chip should untoggle the corresponding field row","invocations":1,"location":null,"numPassingAsserts":3,"retryReasons":[],"startAt":1780483296829,"status":"passed","title":"clicking on a legend chip should untoggle the corresponding field row"},{"ancestorTitles":["Review Log Browser High-Fidelity Behavioral Test Suite","Graphing & Legend Controls"],"duration":85,"failing":false,"failureDetails":[],"failureMessages":[],"fullName":"Review Log Browser High-Fidelity Behavioral Test Suite Graphing & Legend Controls Clear Plots button should untoggle all fields and clear graphs","invocations":1,"location":null,"numPassingAsserts":4,"retryReasons":[],"startAt":1780483296920,"status":"passed","title":"Clear Plots button should untoggle all fields and clear graphs"},{"ancestorTitles":["Review Log Browser High-Fidelity Behavioral Test Suite","Zoom & Pan Canvas Controls"],"duration":13,"failing":false,"failureDetails":[],"failureMessages":[],"fullName":"Review Log Browser High-Fidelity Behavioral Test Suite Zoom & Pan Canvas Controls scroll wheel should zoom in/out centering on mouse coordinate X","invocations":1,"location":null,"numPassingAsserts":5,"retryReasons":[],"startAt":1780483297006,"status":"passed","title":"scroll wheel should zoom in/out centering on mouse coordinate X"},{"ancestorTitles":["Review Log Browser High-Fidelity Behavioral Test Suite","Zoom & Pan Canvas Controls"],"duration":44,"failing":false,"failureDetails":[],"failureMessages":[],"fullName":"Review Log Browser High-Fidelity Behavioral Test Suite Zoom & Pan Canvas Controls mouse click and drag should pan graph bounds horizontally","invocations":1,"location":null,"numPassingAsserts":5,"retryReasons":[],"startAt":1780483297019,"status":"passed","title":"mouse click and drag should pan graph bounds horizontally"},{"ancestorTitles":["Review Log Browser High-Fidelity Behavioral Test Suite","Zoom & Pan Canvas Controls"],"duration":9,"failing":false,"failureDetails":[],"failureMessages":[],"fullName":"Review Log Browser High-Fidelity Behavioral Test Suite Zoom & Pan Canvas Controls touch swipe events should simulate multi-touch zoom and single-touch pan","invocations":1,"location":null,"numPassingAsserts":2,"retryReasons":[],"startAt":1780483297063,"status":"passed","title":"touch swipe events should simulate multi-touch zoom and single-touch pan"},{"ancestorTitles":["Review Log Browser High-Fidelity Behavioral Test Suite","Zoom & Pan Canvas Controls"],"duration":25,"failing":false,"failureDetails":[],"failureMessages":[],"fullName":"Review Log Browser High-Fidelity Behavioral Test Suite Zoom & Pan Canvas Controls Reset Zoom button should restore full data bounds","invocations":1,"location":null,"numPassingAsserts":2,"retryReasons":[],"startAt":1780483297073,"status":"passed","title":"Reset Zoom button should restore full data bounds"},{"ancestorTitles":["Review Log Browser High-Fidelity Behavioral Test Suite","File Input Wrapper Interactions"],"duration":9,"failing":false,"failureDetails":[],"failureMessages":[],"fullName":"Review Log Browser High-Fidelity Behavioral Test Suite File Input Wrapper Interactions clicking Open Log File button should delegate trigger click to hidden file input","invocations":1,"location":null,"numPassingAsserts":1,"retryReasons":[],"startAt":1780483297099,"status":"passed","title":"clicking Open Log File button should delegate trigger click to hidden file input"},{"ancestorTitles":["Review Log Browser High-Fidelity Behavioral Test Suite","File Input Wrapper Interactions"],"duration":18,"failing":false,"failureDetails":[],"failureMessages":[],"fullName":"Review Log Browser High-Fidelity Behavioral Test Suite File Input Wrapper Interactions changing selected file input should parse log and clear value string","invocations":1,"location":null,"numPassingAsserts":2,"retryReasons":[],"startAt":1780483297109,"status":"passed","title":"changing selected file input should parse log and clear value string"}],"endTime":1780483297239,"message":"","name":"E:\\TiHAN\\TflyGCS (1)\\TflyGCS\\test_frontend\\unit_test\\review-log.test.js","startTime":1780483295114,"status":"passed","summary":""},{"assertionResults":[{"ancestorTitles":["GCS Radio Calibration High-Fidelity Behavioral Test Suite (calib-radio.js)","Layout Injection & Styling"],"duration":92,"failing":false,"failureDetails":[],"failureMessages":[],"fullName":"GCS Radio Calibration High-Fidelity Behavioral Test Suite (calib-radio.js) Layout Injection & Styling should inject correct HTML templates and setup layout structural nodes","invocations":1,"location":null,"numPassingAsserts":29,"retryReasons":[],"startAt":1780483295968,"status":"passed","title":"should inject correct HTML templates and setup layout structural nodes"},{"ancestorTitles":["GCS Radio Calibration High-Fidelity Behavioral Test Suite (calib-radio.js)","Active Drone Sysid Resolution"],"duration":122,"failing":false,"failureDetails":[],"failureMessages":[],"fullName":"GCS Radio Calibration High-Fidelity Behavioral Test Suite (calib-radio.js) Active Drone Sysid Resolution should fallback to 1 as default sysid","invocations":1,"location":null,"numPassingAsserts":1,"retryReasons":[],"startAt":1780483296061,"status":"passed","title":"should fallback to 1 as default sysid"},{"ancestorTitles":["GCS Radio Calibration High-Fidelity Behavioral Test Suite (calib-radio.js)","Active Drone Sysid Resolution"],"duration":63,"failing":false,"failureDetails":[],"failureMessages":[],"fullName":"GCS Radio Calibration High-Fidelity Behavioral Test Suite (calib-radio.js) Active Drone Sysid Resolution should resolve sysid from window.activeSysid","invocations":1,"location":null,"numPassingAsserts":1,"retryReasons":[],"startAt":1780483296183,"status":"passed","title":"should resolve sysid from window.activeSysid"},{"ancestorTitles":["GCS Radio Calibration High-Fidelity Behavioral Test Suite (calib-radio.js)","Active Drone Sysid Resolution"],"duration":43,"failing":false,"failureDetails":[],"failureMessages":[],"fullName":"GCS Radio Calibration High-Fidelity Behavioral Test Suite (calib-radio.js) Active Drone Sysid Resolution should resolve sysid from window.getActiveSysid()","invocations":1,"location":null,"numPassingAsserts":1,"retryReasons":[],"startAt":1780483296247,"status":"passed","title":"should resolve sysid from window.getActiveSysid()"},{"ancestorTitles":["GCS Radio Calibration High-Fidelity Behavioral Test Suite (calib-radio.js)","Active Drone Sysid Resolution"],"duration":51,"failing":false,"failureDetails":[],"failureMessages":[],"fullName":"GCS Radio Calibration High-Fidelity Behavioral Test Suite (calib-radio.js) Active Drone Sysid Resolution should resolve sysid from broadcasted vehicles list","invocations":1,"location":null,"numPassingAsserts":1,"retryReasons":[],"startAt":1780483296290,"status":"passed","title":"should resolve sysid from broadcasted vehicles list"},{"ancestorTitles":["GCS Radio Calibration High-Fidelity Behavioral Test Suite (calib-radio.js)","Calibration Start Sequence & Signal Bounds"],"duration":45,"failing":false,"failureDetails":[],"failureMessages":[],"fullName":"GCS Radio Calibration High-Fidelity Behavioral Test Suite (calib-radio.js) Calibration Start Sequence & Signal Bounds should trigger start state when calibrate button is clicked","invocations":1,"location":null,"numPassingAsserts":6,"retryReasons":[],"startAt":1780483296342,"status":"passed","title":"should trigger start state when calibrate button is clicked"},{"ancestorTitles":["GCS Radio Calibration High-Fidelity Behavioral Test Suite (calib-radio.js)","Live RC Channels Updates & Min/Max Bound Tracking"],"duration":26,"failing":false,"failureDetails":[],"failureMessages":[],"fullName":"GCS Radio Calibration High-Fidelity Behavioral Test Suite (calib-radio.js) Live RC Channels Updates & Min/Max Bound Tracking should update horizontal scrollbar indicators (hbar) on roll channels","invocations":1,"location":null,"numPassingAsserts":8,"retryReasons":[],"startAt":1780483296388,"status":"passed","title":"should update horizontal scrollbar indicators (hbar) on roll channels"},{"ancestorTitles":["GCS Radio Calibration High-Fidelity Behavioral Test Suite (calib-radio.js)","Live RC Channels Updates & Min/Max Bound Tracking"],"duration":49,"failing":false,"failureDetails":[],"failureMessages":[],"fullName":"GCS Radio Calibration High-Fidelity Behavioral Test Suite (calib-radio.js) Live RC Channels Updates & Min/Max Bound Tracking should update vertical sticks indicators (vstick) on pitch and throttle channels","invocations":1,"location":null,"numPassingAsserts":8,"retryReasons":[],"startAt":1780483296414,"status":"passed","title":"should update vertical sticks indicators (vstick) on pitch and throttle channels"},{"ancestorTitles":["GCS Radio Calibration High-Fidelity Behavioral Test Suite (calib-radio.js)","Live RC Channels Updates & Min/Max Bound Tracking"],"duration":40,"failing":false,"failureDetails":[],"failureMessages":[],"fullName":"GCS Radio Calibration High-Fidelity Behavioral Test Suite (calib-radio.js) Live RC Channels Updates & Min/Max Bound Tracking should update auxiliary radio box grid on channels 5-14","invocations":1,"location":null,"numPassingAsserts":8,"retryReasons":[],"startAt":1780483296463,"status":"passed","title":"should update auxiliary radio box grid on channels 5-14"},{"ancestorTitles":["GCS Radio Calibration High-Fidelity Behavioral Test Suite (calib-radio.js)","Live RC Channels Updates & Min/Max Bound Tracking"],"duration":37,"failing":false,"failureDetails":[],"failureMessages":[],"fullName":"GCS Radio Calibration High-Fidelity Behavioral Test Suite (calib-radio.js) Live RC Channels Updates & Min/Max Bound Tracking should support dispatching updates via custom window events","invocations":1,"location":null,"numPassingAsserts":2,"retryReasons":[],"startAt":1780483296504,"status":"passed","title":"should support dispatching updates via custom window events"},{"ancestorTitles":["GCS Radio Calibration High-Fidelity Behavioral Test Suite (calib-radio.js)","Completing Calibration Sequence"],"duration":85,"failing":false,"failureDetails":[],"failureMessages":[],"fullName":"GCS Radio Calibration High-Fidelity Behavioral Test Suite (calib-radio.js) Completing Calibration Sequence should send completion command and trigger 2-second fallback timer","invocations":1,"location":null,"numPassingAsserts":7,"retryReasons":[],"startAt":1780483296541,"status":"passed","title":"should send completion command and trigger 2-second fallback timer"},{"ancestorTitles":["GCS Radio Calibration High-Fidelity Behavioral Test Suite (calib-radio.js)","Status Bar Messages & Success Toasts"],"duration":37,"failing":false,"failureDetails":[],"failureMessages":[],"fullName":"GCS Radio Calibration High-Fidelity Behavioral Test Suite (calib-radio.js) Status Bar Messages & Success Toasts should display status messages and fire toasts","invocations":1,"location":null,"numPassingAsserts":5,"retryReasons":[],"startAt":1780483296626,"status":"passed","title":"should display status messages and fire toasts"},{"ancestorTitles":["GCS Radio Calibration High-Fidelity Behavioral Test Suite (calib-radio.js)","Complete Calibration Result Messages"],"duration":142,"failing":false,"failureDetails":[],"failureMessages":[],"fullName":"GCS Radio Calibration High-Fidelity Behavioral Test Suite (calib-radio.js) Complete Calibration Result Messages should handle successful complete message, update indicators and show popup","invocations":1,"location":null,"numPassingAsserts":10,"retryReasons":[],"startAt":1780483296663,"status":"passed","title":"should handle successful complete message, update indicators and show popup"},{"ancestorTitles":["GCS Radio Calibration High-Fidelity Behavioral Test Suite (calib-radio.js)","Complete Calibration Result Messages"],"duration":93,"failing":false,"failureDetails":[],"failureMessages":[],"fullName":"GCS Radio Calibration High-Fidelity Behavioral Test Suite (calib-radio.js) Complete Calibration Result Messages should handle failed complete message, update status and show popup","invocations":1,"location":null,"numPassingAsserts":3,"retryReasons":[],"startAt":1780483296805,"status":"passed","title":"should handle failed complete message, update status and show popup"},{"ancestorTitles":["GCS Radio Calibration High-Fidelity Behavioral Test Suite (calib-radio.js)","Complete Calibration Result Messages"],"duration":99,"failing":false,"failureDetails":[],"failureMessages":[],"fullName":"GCS Radio Calibration High-Fidelity Behavioral Test Suite (calib-radio.js) Complete Calibration Result Messages should dismiss popup if clicking overlay background","invocations":1,"location":null,"numPassingAsserts":2,"retryReasons":[],"startAt":1780483296898,"status":"passed","title":"should dismiss popup if clicking overlay background"}],"endTime":1780483297168,"message":"","name":"E:\\TiHAN\\TflyGCS (1)\\TflyGCS\\test_frontend\\unit_test\\calib-radio.test.js","startTime":1780483295112,"status":"passed","summary":""},{"assertionResults":[{"ancestorTitles":["GCS Vehicle Configuration Setup Panel High-Fidelity Behavioral Test Suite (vehicle-config.js)","Overlay Lifecycle & Initial Setup"],"duration":161,"failing":false,"failureDetails":[],"failureMessages":[],"fullName":"GCS Vehicle Configuration Setup Panel High-Fidelity Behavioral Test Suite (vehicle-config.js) Overlay Lifecycle & Initial Setup should open overlay, inject buildHTML elements, restore states, and scan ports","invocations":1,"location":null,"numPassingAsserts":5,"retryReasons":[],"startAt":1780483295968,"status":"passed","title":"should open overlay, inject buildHTML elements, restore states, and scan ports"},{"ancestorTitles":["GCS Vehicle Configuration Setup Panel High-Fidelity Behavioral Test Suite (vehicle-config.js)","Overlay Lifecycle & Initial Setup"],"duration":90,"failing":false,"failureDetails":[],"failureMessages":[],"fullName":"GCS Vehicle Configuration Setup Panel High-Fidelity Behavioral Test Suite (vehicle-config.js) Overlay Lifecycle & Initial Setup should smoothly hide overlay with fade-out delay when closed","invocations":1,"location":null,"numPassingAsserts":2,"retryReasons":[],"startAt":1780483296130,"status":"passed","title":"should smoothly hide overlay with fade-out delay when closed"},{"ancestorTitles":["GCS Vehicle Configuration Setup Panel High-Fidelity Behavioral Test Suite (vehicle-config.js)","Overlay Lifecycle & Initial Setup"],"duration":114,"failing":false,"failureDetails":[],"failureMessages":[],"fullName":"GCS Vehicle Configuration Setup Panel High-Fidelity Behavioral Test Suite (vehicle-config.js) Overlay Lifecycle & Initial Setup should trigger close when close button or overlay backdrop background is clicked","invocations":1,"location":null,"numPassingAsserts":2,"retryReasons":[],"startAt":1780483296224,"status":"passed","title":"should trigger close when close button or overlay backdrop background is clicked"},{"ancestorTitles":["GCS Vehicle Configuration Setup Panel High-Fidelity Behavioral Test Suite (vehicle-config.js)","Serial Port Population & Management"],"duration":76,"failing":false,"failureDetails":[],"failureMessages":[],"fullName":"GCS Vehicle Configuration Setup Panel High-Fidelity Behavioral Test Suite (vehicle-config.js) Serial Port Population & Management should present placeholder scanning row in port table initially","invocations":1,"location":null,"numPassingAsserts":3,"retryReasons":[],"startAt":1780483296338,"status":"passed","title":"should present placeholder scanning row in port table initially"},{"ancestorTitles":["GCS Vehicle Configuration Setup Panel High-Fidelity Behavioral Test Suite (vehicle-config.js)","Serial Port Population & Management"],"duration":102,"failing":false,"failureDetails":[],"failureMessages":[],"fullName":"GCS Vehicle Configuration Setup Panel High-Fidelity Behavioral Test Suite (vehicle-config.js) Serial Port Population & Management should populate list when serial_ports message arrives and allow port selection","invocations":1,"location":null,"numPassingAsserts":9,"retryReasons":[],"startAt":1780483296414,"status":"passed","title":"should populate list when serial_ports message arrives and allow port selection"},{"ancestorTitles":["GCS Vehicle Configuration Setup Panel High-Fidelity Behavioral Test Suite (vehicle-config.js)","Serial Port Population & Management"],"duration":72,"failing":false,"failureDetails":[],"failureMessages":[],"fullName":"GCS Vehicle Configuration Setup Panel High-Fidelity Behavioral Test Suite (vehicle-config.js) Serial Port Population & Management should display warning in log when empty port scan occurs","invocations":1,"location":null,"numPassingAsserts":3,"retryReasons":[],"startAt":1780483296516,"status":"passed","title":"should display warning in log when empty port scan occurs"},{"ancestorTitles":["GCS Vehicle Configuration Setup Panel High-Fidelity Behavioral Test Suite (vehicle-config.js)","Serial Port Population & Management"],"duration":48,"failing":false,"failureDetails":[],"failureMessages":[],"fullName":"GCS Vehicle Configuration Setup Panel High-Fidelity Behavioral Test Suite (vehicle-config.js) Serial Port Population & Management should dispatch list_serial_ports command on clicking refresh ports button","invocations":1,"location":null,"numPassingAsserts":1,"retryReasons":[],"startAt":1780483296588,"status":"passed","title":"should dispatch list_serial_ports command on clicking refresh ports button"},{"ancestorTitles":["GCS Vehicle Configuration Setup Panel High-Fidelity Behavioral Test Suite (vehicle-config.js)","Drone Security & Unlock Password Modal"],"duration":153,"failing":false,"failureDetails":[],"failureMessages":[],"fullName":"GCS Vehicle Configuration Setup Panel High-Fidelity Behavioral Test Suite (vehicle-config.js) Drone Security & Unlock Password Modal should display security backdrop and modal card upon unlock request","invocations":1,"location":null,"numPassingAsserts":3,"retryReasons":[],"startAt":1780483296636,"status":"passed","title":"should display security backdrop and modal card upon unlock request"},{"ancestorTitles":["GCS Vehicle Configuration Setup Panel High-Fidelity Behavioral Test Suite (vehicle-config.js)","Drone Security & Unlock Password Modal"],"duration":72,"failing":false,"failureDetails":[],"failureMessages":[],"fullName":"GCS Vehicle Configuration Setup Panel High-Fidelity Behavioral Test Suite (vehicle-config.js) Drone Security & Unlock Password Modal should toggle password visibility on clicking the unmask eye toggle button","invocations":1,"location":null,"numPassingAsserts":3,"retryReasons":[],"startAt":1780483296789,"status":"passed","title":"should toggle password visibility on clicking the unmask eye toggle button"},{"ancestorTitles":["GCS Vehicle Configuration Setup Panel High-Fidelity Behavioral Test Suite (vehicle-config.js)","Drone Security & Unlock Password Modal"],"duration":91,"failing":false,"failureDetails":[],"failureMessages":[],"fullName":"GCS Vehicle Configuration Setup Panel High-Fidelity Behavioral Test Suite (vehicle-config.js) Drone Security & Unlock Password Modal should trigger shaking animation and display error message on wrong password","invocations":1,"location":null,"numPassingAsserts":5,"retryReasons":[],"startAt":1780483296861,"status":"passed","title":"should trigger shaking animation and display error message on wrong password"},{"ancestorTitles":["GCS Vehicle Configuration Setup Panel High-Fidelity Behavioral Test Suite (vehicle-config.js)","Drone Security & Unlock Password Modal"],"duration":134,"failing":false,"failureDetails":[],"failureMessages":[],"fullName":"GCS Vehicle Configuration Setup Panel High-Fidelity Behavioral Test Suite (vehicle-config.js) Drone Security & Unlock Password Modal should complete unlock, persist state, and unlock install button on correct password","invocations":1,"location":null,"numPassingAsserts":5,"retryReasons":[],"startAt":1780483296956,"status":"passed","title":"should complete unlock, persist state, and unlock install button on correct password"},{"ancestorTitles":["GCS Vehicle Configuration Setup Panel High-Fidelity Behavioral Test Suite (vehicle-config.js)","Drone Security & Unlock Password Modal"],"duration":77,"failing":false,"failureDetails":[],"failureMessages":[],"fullName":"GCS Vehicle Configuration Setup Panel High-Fidelity Behavioral Test Suite (vehicle-config.js) Drone Security & Unlock Password Modal should dismiss modal when cancel button, Escape key, or backdrop itself is clicked","invocations":1,"location":null,"numPassingAsserts":6,"retryReasons":[],"startAt":1780483297091,"status":"passed","title":"should dismiss modal when cancel button, Escape key, or backdrop itself is clicked"},{"ancestorTitles":["GCS Vehicle Configuration Setup Panel High-Fidelity Behavioral Test Suite (vehicle-config.js)","Install Button Locking/Unlocking and Port Guard Verification Rules"],"duration":67,"failing":false,"failureDetails":[],"failureMessages":[],"fullName":"GCS Vehicle Configuration Setup Panel High-Fidelity Behavioral Test Suite (vehicle-config.js) Install Button Locking/Unlocking and Port Guard Verification Rules should disable install buttons until BOTH drone is unlocked and port is selected","invocations":1,"location":null,"numPassingAsserts":5,"retryReasons":[],"startAt":1780483297168,"status":"passed","title":"should disable install buttons until BOTH drone is unlocked and port is selected"},{"ancestorTitles":["GCS Vehicle Configuration Setup Panel High-Fidelity Behavioral Test Suite (vehicle-config.js)","Install Button Locking/Unlocking and Port Guard Verification Rules"],"duration":168,"failing":false,"failureDetails":[],"failureMessages":[],"fullName":"GCS Vehicle Configuration Setup Panel High-Fidelity Behavioral Test Suite (vehicle-config.js) Install Button Locking/Unlocking and Port Guard Verification Rules should persist unlock states across multiple open and close lifecycle sessions","invocations":1,"location":null,"numPassingAsserts":4,"retryReasons":[],"startAt":1780483297235,"status":"passed","title":"should persist unlock states across multiple open and close lifecycle sessions"},{"ancestorTitles":["GCS Vehicle Configuration Setup Panel High-Fidelity Behavioral Test Suite (vehicle-config.js)","Firmware File Uploading & Parsing Stream"],"duration":103,"failing":false,"failureDetails":[],"failureMessages":[],"fullName":"GCS Vehicle Configuration Setup Panel High-Fidelity Behavioral Test Suite (vehicle-config.js) Firmware File Uploading & Parsing Stream should build temporary file picker and log warning if user cancels selection","invocations":1,"location":null,"numPassingAsserts":4,"retryReasons":[],"startAt":1780483297403,"status":"passed","title":"should build temporary file picker and log warning if user cancels selection"},{"ancestorTitles":["GCS Vehicle Configuration Setup Panel High-Fidelity Behavioral Test Suite (vehicle-config.js)","Firmware File Uploading & Parsing Stream"],"duration":58,"failing":false,"failureDetails":[],"failureMessages":[],"fullName":"GCS Vehicle Configuration Setup Panel High-Fidelity Behavioral Test Suite (vehicle-config.js) Firmware File Uploading & Parsing Stream should load the file content, validate json schemas, and dispatch backend install parameters","invocations":1,"location":null,"numPassingAsserts":6,"retryReasons":[],"startAt":1780483297507,"status":"passed","title":"should load the file content, validate json schemas, and dispatch backend install parameters"},{"ancestorTitles":["GCS Vehicle Configuration Setup Panel High-Fidelity Behavioral Test Suite (vehicle-config.js)","Firmware File Uploading & Parsing Stream"],"duration":73,"failing":false,"failureDetails":[],"failureMessages":[],"fullName":"GCS Vehicle Configuration Setup Panel High-Fidelity Behavioral Test Suite (vehicle-config.js) Firmware File Uploading & Parsing Stream should validate JSON syntax in uploads and show warning message for missing image field","invocations":1,"location":null,"numPassingAsserts":3,"retryReasons":[],"startAt":1780483297565,"status":"passed","title":"should validate JSON syntax in uploads and show warning message for missing image field"},{"ancestorTitles":["GCS Vehicle Configuration Setup Panel High-Fidelity Behavioral Test Suite (vehicle-config.js)","WebSocket Firmware Status Messages & Log/Progress Terminal Updating"],"duration":40,"failing":false,"failureDetails":[],"failureMessages":[],"fullName":"GCS Vehicle Configuration Setup Panel High-Fidelity Behavioral Test Suite (vehicle-config.js) WebSocket Firmware Status Messages & Log/Progress Terminal Updating should handle firmware_status preflight check messages","invocations":1,"location":null,"numPassingAsserts":1,"retryReasons":[],"startAt":1780483297638,"status":"passed","title":"should handle firmware_status preflight check messages"},{"ancestorTitles":["GCS Vehicle Configuration Setup Panel High-Fidelity Behavioral Test Suite (vehicle-config.js)","WebSocket Firmware Status Messages & Log/Progress Terminal Updating"],"duration":61,"failing":false,"failureDetails":[],"failureMessages":[],"fullName":"GCS Vehicle Configuration Setup Panel High-Fidelity Behavioral Test Suite (vehicle-config.js) WebSocket Firmware Status Messages & Log/Progress Terminal Updating should wipe previous state buffers and logs when starting a fresh flash session","invocations":1,"location":null,"numPassingAsserts":4,"retryReasons":[],"startAt":1780483297679,"status":"passed","title":"should wipe previous state buffers and logs when starting a fresh flash session"},{"ancestorTitles":["GCS Vehicle Configuration Setup Panel High-Fidelity Behavioral Test Suite (vehicle-config.js)","WebSocket Firmware Status Messages & Log/Progress Terminal Updating"],"duration":72,"failing":false,"failureDetails":[],"failureMessages":[],"fullName":"GCS Vehicle Configuration Setup Panel High-Fidelity Behavioral Test Suite (vehicle-config.js) WebSocket Firmware Status Messages & Log/Progress Terminal Updating should parse progressive log strings, highlight error types, and suppress repetitive lines","invocations":1,"location":null,"numPassingAsserts":5,"retryReasons":[],"startAt":1780483297740,"status":"passed","title":"should parse progressive log strings, highlight error types, and suppress repetitive lines"},{"ancestorTitles":["GCS Vehicle Configuration Setup Panel High-Fidelity Behavioral Test Suite (vehicle-config.js)","WebSocket Firmware Status Messages & Log/Progress Terminal Updating"],"duration":40,"failing":false,"failureDetails":[],"failureMessages":[],"fullName":"GCS Vehicle Configuration Setup Panel High-Fidelity Behavioral Test Suite (vehicle-config.js) WebSocket Firmware Status Messages & Log/Progress Terminal Updating should update erase progress and record logs on 10% milestones","invocations":1,"location":null,"numPassingAsserts":6,"retryReasons":[],"startAt":1780483297813,"status":"passed","title":"should update erase progress and record logs on 10% milestones"},{"ancestorTitles":["GCS Vehicle Configuration Setup Panel High-Fidelity Behavioral Test Suite (vehicle-config.js)","WebSocket Firmware Status Messages & Log/Progress Terminal Updating"],"duration":109,"failing":false,"failureDetails":[],"failureMessages":[],"fullName":"GCS Vehicle Configuration Setup Panel High-Fidelity Behavioral Test Suite (vehicle-config.js) WebSocket Firmware Status Messages & Log/Progress Terminal Updating should update program progress and record logs on 10% milestones","invocations":1,"location":null,"numPassingAsserts":6,"retryReasons":[],"startAt":1780483297853,"status":"passed","title":"should update program progress and record logs on 10% milestones"},{"ancestorTitles":["GCS Vehicle Configuration Setup Panel High-Fidelity Behavioral Test Suite (vehicle-config.js)","WebSocket Firmware Status Messages & Log/Progress Terminal Updating"],"duration":49,"failing":false,"failureDetails":[],"failureMessages":[],"fullName":"GCS Vehicle Configuration Setup Panel High-Fidelity Behavioral Test Suite (vehicle-config.js) WebSocket Firmware Status Messages & Log/Progress Terminal Updating should complete flashing successfully, fill bars to 100%, and trigger re-enablement","invocations":1,"location":null,"numPassingAsserts":3,"retryReasons":[],"startAt":1780483297962,"status":"passed","title":"should complete flashing successfully, fill bars to 100%, and trigger re-enablement"},{"ancestorTitles":["GCS Vehicle Configuration Setup Panel High-Fidelity Behavioral Test Suite (vehicle-config.js)","WebSocket Firmware Status Messages & Log/Progress Terminal Updating"],"duration":73,"failing":false,"failureDetails":[],"failureMessages":[],"fullName":"GCS Vehicle Configuration Setup Panel High-Fidelity Behavioral Test Suite (vehicle-config.js) WebSocket Firmware Status Messages & Log/Progress Terminal Updating should process troubleshooting multi-line arrays and warnings","invocations":1,"location":null,"numPassingAsserts":2,"retryReasons":[],"startAt":1780483298011,"status":"passed","title":"should process troubleshooting multi-line arrays and warnings"},{"ancestorTitles":["GCS Vehicle Configuration Setup Panel High-Fidelity Behavioral Test Suite (vehicle-config.js)","WebSocket Firmware Status Messages & Log/Progress Terminal Updating"],"duration":66,"failing":false,"failureDetails":[],"failureMessages":[],"fullName":"GCS Vehicle Configuration Setup Panel High-Fidelity Behavioral Test Suite (vehicle-config.js) WebSocket Firmware Status Messages & Log/Progress Terminal Updating should fallback to legacy message structures for backward-compatibility","invocations":1,"location":null,"numPassingAsserts":5,"retryReasons":[],"startAt":1780483298085,"status":"passed","title":"should fallback to legacy message structures for backward-compatibility"},{"ancestorTitles":["GCS Vehicle Configuration Setup Panel High-Fidelity Behavioral Test Suite (vehicle-config.js)","WebSocket Firmware Status Messages & Log/Progress Terminal Updating"],"duration":70,"failing":false,"failureDetails":[],"failureMessages":[],"fullName":"GCS Vehicle Configuration Setup Panel High-Fidelity Behavioral Test Suite (vehicle-config.js) WebSocket Firmware Status Messages & Log/Progress Terminal Updating should preserve and replay complete session log buffers when closed and reopened mid-flash","invocations":1,"location":null,"numPassingAsserts":3,"retryReasons":[],"startAt":1780483298151,"status":"passed","title":"should preserve and replay complete session log buffers when closed and reopened mid-flash"},{"ancestorTitles":["GCS Vehicle Configuration Setup Panel High-Fidelity Behavioral Test Suite (vehicle-config.js)","WebSocket Port Plug-and-Play Router Events"],"duration":48,"failing":false,"failureDetails":[],"failureMessages":[],"fullName":"GCS Vehicle Configuration Setup Panel High-Fidelity Behavioral Test Suite (vehicle-config.js) WebSocket Port Plug-and-Play Router Events should trigger new list scan and log when port plug-and-play event is dispatched","invocations":1,"location":null,"numPassingAsserts":2,"retryReasons":[],"startAt":1780483298221,"status":"passed","title":"should trigger new list scan and log when port plug-and-play event is dispatched"}],"endTime":1780483298429,"message":"","name":"E:\\TiHAN\\TflyGCS (1)\\TflyGCS\\test_frontend\\unit_test\\vehicle-config.test.js","startTime":1780483295114,"status":"passed","summary":""},{"assertionResults":[{"ancestorTitles":["Multi-Language Support Unit Tests (i18n.js)"],"duration":251,"failing":false,"failureDetails":[],"failureMessages":[],"fullName":"Multi-Language Support Unit Tests (i18n.js) should read initial language configuration from localStorage","invocations":1,"location":null,"numPassingAsserts":1,"retryReasons":[],"startAt":1780483298055,"status":"passed","title":"should read initial language configuration from localStorage"},{"ancestorTitles":["Multi-Language Support Unit Tests (i1
[...]
invocations":1,"location":null,"numPassingAsserts":1,"retryReasons":[],"startAt":1780483306052,"status":"passed","title":"should handle unimplemented/unknown menu action strings"}],"endTime":1780483306111,"message":"","name":"E:\\TiHAN\\TflyGCS (1)\\TflyGCS\\test_frontend\\unit_test\\plan-flight-menu-router.test.js","startTime":1780483305484,"status":"passed","summary":""},{"assertionResults":[{"ancestorTitles":["Mission Planner Core High-Fidelity Behavioral Test Suite (plan-flight-core.js)","Instantiation & Globals Exposure"],"duration":4,"failing":false,"failureDetails":[],"failureMessages":[],"fullName":"Mission Planner Core High-Fidelity Behavioral Test Suite (plan-flight-core.js) Instantiation & Globals Exposure should expose the window.PlanFlight global controller API","invocations":1,"location":null,"numPassingAsserts":4,"retryReasons":[],"startAt":1780483302606,"status":"passed","title":"should expose the window.PlanFlight global controller API"},{"ancestorTitles":["Mission Planner Core High-Fidelity Behavioral Test Suite (plan-flight-core.js)","Instantiation & Globals Exposure"],"duration":2,"failing":false,"failureDetails":[],"failureMessages":[],"fullName":"Mission Planner Core High-Fidelity Behavioral Test Suite (plan-flight-core.js) Instantiation & Globals Exposure should start with plan mode inactive","invocations":1,"location":null,"numPassingAsserts":2,"retryReasons":[],"startAt":1780483302611,"status":"passed","title":"should start with plan mode inactive"},{"ancestorTitles":["Mission Planner Core High-Fidelity Behavioral Test Suite (plan-flight-core.js)","Entering Plan Flight Mode"],"duration":4,"failing":false,"failureDetails":[],"failureMessages":[],"fullName":"Mission Planner Core High-Fidelity Behavioral Test Suite (plan-flight-core.js) Entering Plan Flight Mode should add the styling class to body and invoke UI transform steps","invocations":1,"location":null,"numPassingAsserts":3,"retryReasons":[],"startAt":1780483302613,"status":"passed","title":"should add the styling class to body and invoke UI transform steps"},{"ancestorTitles":["Mission Planner Core High-Fidelity Behavioral Test Suite (plan-flight-core.js)","Entering Plan Flight Mode"],"duration":10,"failing":false,"failureDetails":[],"failureMessages":[],"fullName":"Mission Planner Core High-Fidelity Behavioral Test Suite (plan-flight-core.js) Entering Plan Flight Mode should connect WaypointManager to CommandEditor and refresh list after a 500ms delay","invocations":1,"location":null,"numPassingAsserts":4,"retryReasons":[],"startAt":1780483302617,"status":"passed","title":"should connect WaypointManager to CommandEditor and refresh list after a 500ms delay"},{"ancestorTitles":["Mission Planner Core High-Fidelity Behavioral Test Suite (plan-flight-core.js)","Exiting Plan Flight Mode & Cancellations"],"duration":4,"failing":false,"failureDetails":[],"failureMessages":[],"fullName":"Mission Planner Core High-Fidelity Behavioral Test Suite (plan-flight-core.js) Exiting Plan Flight Mode & Cancellations should remove the body class and transition state to inactive","invocations":1,"location":null,"numPassingAsserts":3,"retryReasons":[],"startAt":1780483302628,"status":"passed","title":"should remove the body class and transition state to inactive"},{"ancestorTitles":["Mission Planner Core High-Fidelity Behavioral Test Suite (plan-flight-core.js)","Exiting Plan Flight Mode & Cancellations"],"duration":3,"failing":false,"failureDetails":[],"failureMessages":[],"fullName":"Mission Planner Core High-Fidelity Behavioral Test Suite (plan-flight-core.js) Exiting Plan Flight Mode & Cancellations should forcefully cancel active polygon drawing if exits while drawing","invocations":1,"location":null,"numPassingAsserts":1,"retryReasons":[],"startAt":1780483302633,"status":"passed","title":"should forcefully cancel active polygon drawing if exits while drawing"},{"ancestorTitles":["Mission Planner Core High-Fidelity Behavioral Test Suite (plan-flight-core.js)","Exiting Plan Flight Mode & Cancellations"],"duration":2,"failing":false,"failureDetails":[],"failureMessages":[],"fullName":"Mission Planner Core High-Fidelity Behavioral Test Suite (plan-flight-core.js) Exiting Plan Flight Mode & Cancellations should forcefully cancel active waypoint operations if exits while in waypoint mode","invocations":1,"location":null,"numPassingAsserts":1,"retryReasons":[],"startAt":1780483302636,"status":"passed","title":"should forcefully cancel active waypoint operations if exits while in waypoint mode"},{"ancestorTitles":["Mission Planner Core High-Fidelity Behavioral Test Suite (plan-flight-core.js)","Exiting Plan Flight Mode & Cancellations"],"duration":4,"failing":false,"failureDetails":[],"failureMessages":[],"fullName":"Mission Planner Core High-Fidelity Behavioral Test Suite (plan-flight-core.js) Exiting Plan Flight Mode & Cancellations should skip drawings/operations cancellation if none are active","invocations":1,"location":null,"numPassingAsserts":2,"retryReasons":[],"startAt":1780483302638,"status":"passed","title":"should skip drawings/operations cancellation if none are active"}],"endTime":1780483302749,"message":"","name":"E:\\TiHAN\\TflyGCS (1)\\TflyGCS\\test_frontend\\unit_test\\plan-flight-core.test.js","startTime":1780483301946,"status":"passed","summary":""},{"assertionResults":[{"ancestorTitles":["GCS Flight Plan Waypoint High-Fidelity Behavioral Test Suite (plan-flight-waypoint.js)","Function: handleWaypointActions"],"duration":10,"failing":false,"failureDetails":[],"failureMessages":[],"fullName":"GCS Flight Plan Waypoint High-Fidelity Behavioral Test Suite (plan-flight-waypoint.js) Function: handleWaypointActions should log error if WaypointManager is missing","invocations":1,"location":null,"numPassingAsserts":1,"retryReasons":[],"startAt":1780483303764,"status":"passed","title":"should log error if WaypointManager is missing"},{"ancestorTitles":["GCS Flight Plan Waypoint High-Fidelity Behavioral Test Suite (plan-flight-waypoint.js)","Function: handleWaypointActions"],"duration":2,"failing":false,"failureDetails":[],"failureMessages":[],"fullName":"GCS Flight Plan Waypoint High-Fidelity Behavioral Test Suite (plan-flight-waypoint.js) Function: handleWaypointActions should cancel active PolygonManager drawing before executing waypoint actions","invocations":1,"location":null,"numPassingAsserts":3,"retryReasons":[],"startAt":1780483303775,"status":"passed","title":"should cancel active PolygonManager drawing before executing waypoint actions"},{"ancestorTitles":["GCS Flight Plan Waypoint High-Fidelity Behavioral Test Suite (plan-flight-waypoint.js)","Function: handleWaypointActions"],"duration":4,"failing":false,"failureDetails":[],"failureMessages":[],"fullName":"GCS Flight Plan Waypoint High-Fidelity Behavioral Test Suite (plan-flight-waypoint.js) Function: handleWaypointActions should route matching waypoint actions to their respective handlers","invocations":1,"location":null,"numPassingAsserts":4,"retryReasons":[],"startAt":1780483303778,"status":"passed","title":"should route matching waypoint actions to their respective handlers"},{"ancestorTitles":["GCS Flight Plan Waypoint High-Fidelity Behavioral Test Suite (plan-flight-waypoint.js)","Function: logMarkersToConsole"],"duration":2,"failing":false,"failureDetails":[],"failureMessages":[],"fullName":"GCS Flight Plan Waypoint High-Fidelity Behavioral Test Suite (plan-flight-waypoint.js) Function: logMarkersToConsole should log console warning if getWaypoints returns empty list","invocations":1,"location":null,"numPassingAsserts":2,"retryReasons":[],"startAt":1780483303783,"status":"passed","title":"should log console warning if getWaypoints returns empty list"},{"ancestorTitles":["GCS Flight Plan Waypoint High-Fidelity Behavioral Test Suite (plan-flight-waypoint.js)","Function: logMarkersToConsole"],"duration":3,"failing":false,"failureDetails":[],"failureMessages":[],"fullName":"GCS Flight Plan Waypoint High-Fidelity Behavioral Test Suite (plan-flight-waypoint.js) Function: logMarkersToConsole should log coordinates, JSON strings, and console table formatted outputs","invocations":1,"location":null,"numPassingAsserts":6,"retryReasons":[],"startAt":1780483303785,"status":"passed","title":"should log coordinates, JSON strings, and console table formatted outputs"}],"endTime":1780483303894,"message":"","name":"E:\\TiHAN\\TflyGCS (1)\\TflyGCS\\test_frontend\\unit_test\\plan-flight-waypoint.test.js","startTime":1780483303217,"status":"passed","summary":""},{"assertionResults":[{"ancestorTitles":["GCS Flight Plan Center Actions High-Fidelity Behavioral Test Suite (plan-flight-center.js)","Function: handleCenterActions Routing"],"duration":6,"failing":false,"failureDetails":[],"failureMessages":[],"fullName":"GCS Flight Plan Center Actions High-Fidelity Behavioral Test Suite (plan-flight-center.js) Function: handleCenterActions Routing should route matching center actions to their respective handlers","invocations":1,"location":null,"numPassingAsserts":4,"retryReasons":[],"startAt":1780483303522,"status":"passed","title":"should route matching center actions to their respective handlers"},{"ancestorTitles":["GCS Flight Plan Center Actions High-Fidelity Behavioral Test Suite (plan-flight-center.js)","Function: centerMission"],"duration":2,"failing":false,"failureDetails":[],"failureMessages":[],"fullName":"GCS Flight Plan Center Actions High-Fidelity Behavioral Test Suite (plan-flight-center.js) Function: centerMission should error if WaypointManager is not available","invocations":1,"location":null,"numPassingAsserts":2,"retryReasons":[],"startAt":1780483303529,"status":"passed","title":"should error if WaypointManager is not available"},{"ancestorTitles":["GCS Flight Plan Center Actions High-Fidelity Behavioral Test Suite (plan-flight-center.js)","Function: centerMission"],"duration":1,"failing":false,"failureDetails":[],"failureMessages":[],"fullName":"GCS Flight Plan Center Actions High-Fidelity Behavioral Test Suite (plan-flight-center.js) Function: centerMission should trigger alert warning if waypoints are empty","invocations":1,"location":null,"numPassingAsserts":2,"retryReasons":[],"startAt":1780483303531,"status":"passed","title":"should trigger alert warning if waypoints are empty"},{"ancestorTitles":["GCS Flight Plan Center Actions High-Fidelity Behavioral Test Suite (plan-flight-center.js)","Function: centerMission"],"duration":2,"failing":false,"failureDetails":[],"failureMessages":[],"fullName":"GCS Flight Plan Center Actions High-Fidelity Behavioral Test Suite (plan-flight-center.js) Function: centerMission should invoke centerMission on WaypointManager and update MsgConsole on success","invocations":1,"location":null,"numPassingAsserts":2,"retryReasons":[],"startAt":1780483303532,"status":"passed","title":"should invoke centerMission on WaypointManager and update MsgConsole on success"},{"ancestorTitles":["GCS Flight Plan Center Actions High-Fidelity Behavioral Test Suite (plan-flight-center.js)","Function: centerVehicle"],"duration":2,"failing":false,"failureDetails":[],"failureMessages":[],"fullName":"GCS Flight Plan Center Actions High-Fidelity Behavioral Test Suite (plan-flight-center.js) Function: centerVehicle should warning alert if vehicle position or tmap is missing","invocations":1,"location":null,"numPassingAsserts":2,"retryReasons":[],"startAt":1780483303534,"status":"passed","title":"should warning alert if vehicle position or tmap is missing"},{"ancestorTitles":["GCS Flight Plan Center Actions High-Fidelity Behavioral Test Suite (plan-flight-center.js)","Function: centerVehicle"],"duration":2,"failing":false,"failureDetails":[],"failureMessages":[],"fullName":"GCS Flight Plan Center Actions High-Fidelity Behavioral Test Suite (plan-flight-center.js) Function: centerVehicle should warning alert if GPS position is invalid","invocations":1,"location":null,"numPassingAsserts":2,"retryReasons":[],"startAt":1780483303536,"status":"passed","title":"should warning alert if GPS position is invalid"},{"ancestorTitles":["GCS Flight Plan Center Actions High-Fidelity Behavioral Test Suite (plan-flight-center.js)","Function: centerVehicle"],"duration":2,"failing":false,"failureDetails":[],"failureMessages":[],"fullName":"GCS Flight Plan Center Actions High-Fidelity Behavioral Test Suite (plan-flight-center.js) Function: centerVehicle should update map coordinates when valid GPS coordinates are present","invocations":1,"location":null,"numPassingAsserts":2,"retryReasons":[],"startAt":1780483303538,"status":"passed","title":"should update map coordinates when valid GPS coordinates are present"},{"ancestorTitles":["GCS Flight Plan Center Actions High-Fidelity Behavioral Test Suite (plan-flight-center.js)","Function: centerHome"],"duration":1,"failing":false,"failureDetails":[],"failureMessages":[],"fullName":"GCS Flight Plan Center Actions High-Fidelity Behavioral Test Suite (plan-flight-center.js) Function: centerHome should error if WaypointManager is missing","invocations":1,"location":null,"numPassingAsserts":2,"retryReasons":[],"startAt":1780483303540,"status":"passed","title":"should error if WaypointManager is missing"},{"ancestorTitles":["GCS Flight Plan Center Actions High-Fidelity Behavioral Test Suite (plan-flight-center.js)","Function: centerHome"],"duration":4,"failing":false,"failureDetails":[],"failureMessages":[],"fullName":"GCS Flight Plan Center Actions High-Fidelity Behavioral Test Suite (plan-flight-center.js) Function: centerHome should warning alert if home position is not set","invocations":1,"location":null,"numPassingAsserts":2,"retryReasons":[],"startAt":1780483303542,"status":"passed","title":"should warning alert if home position is not set"},{"ancestorTitles":["GCS Flight Plan Center Actions High-Fidelity Behavioral Test Suite (plan-flight-center.js)","Function: centerHome"],"duration":1,"failing":false,"failureDetails":[],"failureMessages":[],"fullName":"GCS Flight Plan Center Actions High-Fidelity Behavioral Test Suite (plan-flight-center.js) Function: centerHome should invoke centerHome on WaypointManager on success","invocations":1,"location":null,"numPassingAsserts":2,"retryReasons":[],"startAt":1780483303546,"status":"passed","title":"should invoke centerHome on WaypointManager on success"}],"endTime":1780483303639,"message":"","name":"E:\\TiHAN\\TflyGCS (1)\\TflyGCS\\test_frontend\\unit_test\\plan-flight-center.test.js","startTime":1780483302884,"status":"passed","summary":""},{"assertionResults":[{"ancestorTitles":["GCS RC Switch Options Panel High-Fidelity Behavioral Test Suite (param-switch.js)","Layout and Selection Maps"],"duration":1469,"failing":false,"failureDetails":[],"failureMessages":[],"fullName":"GCS RC Switch Options Panel High-Fidelity Behavioral Test Suite (param-switch.js) Layout and Selection Maps should inject correct structural grids and populate the 8 auxiliary switch rows","invocations":1,"location":null,"numPassingAsserts":6,"retryReasons":[],"startAt":1780483295970,"status":"passed","title":"should inject correct structural grids and populate the 8 auxiliary switch rows"},{"ancestorTitles":["GCS RC Switch Options Panel High-Fidelity Behavioral Test Suite (param-switch.js)","Layout and Selection Maps"],"duration":892,"failing":false,"failureDetails":[],"failureMessages":[],"fullName":"GCS RC Switch Options Panel High-Fidelity Behavioral Test Suite (param-switch.js) Layout and Selection Maps should contain full QGC-compliant option dropdown values in alphabetical order","invocations":1,"location":null,"numPassingAsserts":3,"retryReasons":[],"startAt":1780483297442,"status":"passed","title":"should contain full QGC-compliant option dropdown values in alphabetical order"},{"ancestorTitles":["GCS RC Switch Options Panel High-Fidelity Behavioral Test Suite (param-switch.js)","Staggered Parameter Fetch Queue"],"duration":1011,"failing":false,"failureDetails":[],"failureMessages":[],"fullName":"GCS RC Switch Options Panel High-Fidelity Behavioral Test Suite (param-switch.js) Staggered Parameter Fetch Queue should trigger staggered param_request_one calls upon reading from FC","invocations":1,"location":null,"numPassingAsserts":4,"retryReasons":[],"startAt":1780483298335,"status":"passed","title":"should trigger staggered param_request_one calls upon reading from FC"},{"ancestorTitles":["GCS RC Switch Options Panel High-Fidelity Behavioral Test Suite (param-switch.js)","Progress Bar & Backend Stream Updates"],"duration":1014,"failing":false,"failureDetails":[],"failureMessages":[],"fullName":"GCS RC Switch Options Panel High-Fidelity Behavioral Test Suite (param-switch.js) Progress Bar & Backend Stream Updates should show correct percentage progress during parameter loading streams","invocations":1,"location":null,"numPassingAsserts":7,"retryReasons":[],"startAt":1780483299346,"status":"passed","title":"should show correct percentage progress during parameter loading streams"},{"ancestorTitles":["GCS RC Switch Options Panel High-Fidelity Behavioral Test Suite (param-switch.js)","Option Changing, Flagging Unsaved Changes & Writing/Broadcasting"],"duration":860,"failing":false,"failureDetails":[],"failureMessages":[],"fullName":"GCS RC Switch Options Panel High-Fidelity Behavioral Test Suite (param-switch.js) Option Changing, Flagging Unsaved Changes & Writing/Broadcasting should style active cards as dirty and enable writing when select options change","invocations":1,"location":null,"numPassingAsserts":5,"retryReasons":[],"startAt":1780483300361,"status":"passed","title":"should style active cards as dirty and enable writing when select options change"},{"ancestorTitles":["GCS RC Switch Options Panel High-Fidelity Behavioral Test Suite (param-switch.js)","Option Changing, Flagging Unsaved Changes & Writing/Broadcasting"],"duration":994,"failing":false,"failureDetails":[],"failureMessages":[],"fullName":"GCS RC Switch Options Panel High-Fidelity Behavioral Test Suite (param-switch.js) Option Changing, Flagging Unsaved Changes & Writing/Broadcasting should transmit param_set only for modified rows targeting the active drone","invocations":1,"location":null,"numPassingAsserts":5,"retryReasons":[],"startAt":1780483301221,"status":"passed","title":"should transmit param_set only for modified rows targeting the active drone"},{"ancestorTitles":["GCS RC Switch Options Panel High-Fidelity Behavioral Test Suite (param-switch.js)","Option Changing, Flagging Unsaved Changes & Writing/Broadcasting"],"duration":948,"failing":false,"failureDetails":[],"failureMessages":[],"fullName":"GCS RC Switch Options Panel High-Fidelity Behavioral Test Suite (param-switch.js) Option Changing, Flagging Unsaved Changes & Writing/Broadcasting should broadcast param_set to all active drone fleet sysids if selectedSysId is 0 (All Drones)","invocations":1,"location":null,"numPassingAsserts":4,"retryReasons":[],"startAt":1780483302215,"status":"passed","title":"should broadcast param_set to all active drone fleet sysids if selectedSysId is 0 (All Drones)"},{"ancestorTitles":["GCS RC Switch Options Panel High-Fidelity Behavioral Test Suite (param-switch.js)","Reset Defaults & Confirmation Handling"],"duration":951,"failing":false,"failureDetails":[],"failureMessages":[],"fullName":"GCS RC Switch Options Panel High-Fidelity Behavioral Test Suite (param-switch.js) Reset Defaults & Confirmation Handling should prompt user and reset UI selections to defaults upon confirmation without writing to flight controller","invocations":1,"location":null,"numPassingAsserts":6,"retryReasons":[],"startAt":1780483303164,"status":"passed","title":"should prompt user and reset UI selections to defaults upon confirmation without writing to flight controller"}],"endTime":1780483304253,"message":"","name":"E:\\TiHAN\\TflyGCS (1)\\TflyGCS\\test_frontend\\unit_test\\param-switch.test.js","startTime":1780483295114,"status":"passed","summary":""}],"wasInterrupted":false,"coverageMap":{}}