{"numFailedTestSuites": 0, "numFailedTests": 0, "numPassedTestSuites": 55, "numPassedTests": 766, "numPendingTestSuites": 0, "numPendingTests": 0, "numRuntimeErrorTestSuites": 0, "numTodoTests": 0, "numTotalTestSuites": 55, "numTotalTests": 766, "openHandles": [], "snapshot": {"added": 0, "didUpdate": false, "failure": false, "filesAdded": 0, "filesRemoved": 0, "filesRemovedList": [], "filesUnmatched": 0, "filesUpdated": 0, "matched": 0, "total": 0, "unchecked": 0, "uncheckedKeysByFile": [], "unmatched": 0, "updated": 0}, "startTime": 1780567484485, "success": true, "testResults": [{"assertionResults": [{"ancestorTitles": ["GCS Initial Tune Wizard High-Fidelity Behavioral Test Suite (initial-tune.js)", "Form Layout and Prerequisites Banner"], "duration": 143, "failing": false, "failureDetails": [], "failureMessages": [], "fullName": "GCS Initial Tune Wizard High-Fidelity Behavioral Test Suite (initial-tune.js) Form Layout and Prerequisites Banner should inject correct form elements, calculate buttons, and initially hide preview section", "invocations": 1, "location": null, "numPassingAsserts": 7, "retryReasons": [], "startAt": 1780567477221, "status": "passed", "title": "should inject correct form elements, calculate buttons, and initially hide preview section"}, {"ancestorTitles": ["GCS Initial Tune Wizard High-Fidelity Behavioral Test Suite (initial-tune.js)", "Chemistry Voltage Switch Defaults"], "duration": 64, "failing": false, "failureDetails": [], "failureMessages": [], "fullName": "GCS Initial Tune Wizard High-Fidelity Behavioral Test Suite (initial-tune.js) Chemistry Voltage Switch Defaults should auto-populate charged/discharged voltage inputs correctly when switching battery chemistry options", "invocations": 1, "location": null, "numPassingAsserts": 8, "retryReasons": [], "startAt": 1780567477379, "status": "passed", "title": "should auto-populate charged/discharged voltage inputs correctly when switching battery chemistry options"}, {"ancestorTitles": ["GCS Initial Tune Wizard High-Fidelity Behavioral Test Suite (initial-tune.js)", "Prop Size Filter Scaling Calculator"], "duration": 90, "failing": false, "failureDetails": [], "failureMessages": [], "fullName": "GCS Initial Tune Wizard High-Fidelity Behavioral Test Suite (initial-tune.js) Prop Size Filter Scaling Calculator should resolve correct gyro and rate filters for various propeller sizes", "invocations": 1, "location": null, "numPassingAsserts": 4, "retryReasons": [], "startAt": 1780567477444, "status": "passed", "title": "should resolve correct gyro and rate filters for various propeller sizes"}, {"ancestorTitles": ["GCS Initial Tune Wizard High-Fidelity Behavioral Test Suite (initial-tune.js)", "Suggested Settings & Failsafes Calculations"], "duration": 58, "failing": false, "failureDetails": [], "failureMessages": [], "fullName": "GCS Initial Tune Wizard High-Fidelity Behavioral Test Suite (initial-tune.js) Suggested Settings & Failsafes Calculations should compile suggestive values table including battery voltage, ESC bounds, and AP4 low/critical options", "invocations": 1, "location": null, "numPassingAsserts": 16, "retryReasons": [], "startAt": 1780567477535, "status": "passed", "title": "should compile suggestive values table including battery voltage, ESC bounds, and AP4 low/critical options"}, {"ancestorTitles": ["GCS Initial Tune Wizard High-Fidelity Behavioral Test Suite (initial-tune.js)", "Write Suggestion List & Sequential Stagger Send"], "duration": 87, "failing": false, "failureDetails": [], "failureMessages": [], "fullName": "GCS Initial Tune Wizard High-Fidelity Behavioral Test Suite (initial-tune.js) Write Suggestion List & Sequential Stagger Send should disable write button and dispatch param_set messages staggered by 120ms", "invocations": 1, "location": null, "numPassingAsserts": 11, "retryReasons": [], "startAt": 1780567477594, "status": "passed", "title": "should disable write button and dispatch param_set messages staggered by 120ms"}, {"ancestorTitles": ["GCS Initial Tune Wizard High-Fidelity Behavioral Test Suite (initial-tune.js)", "WebSocket Error Handlers"], "duration": 29, "failing": false, "failureDetails": [], "failureMessages": [], "fullName": "GCS Initial Tune Wizard High-Fidelity Behavioral Test Suite (initial-tune.js) WebSocket Error Handlers should style the status badge as error if param_error ws message received", "invocations": 1, "location": null, "numPassingAsserts": 2, "retryReasons": [], "startAt": 1780567477681, "status": "passed", "title": "should style the status badge as error if param_error ws message received"}], "endTime": 1780567477802, "message": "", "name": "E:\\TiHAN\\TflyGCS (1)\\TflyGCS\\test_frontend\\unit_test\\initial-tune.test.js", "startTime": 1780567476550, "status": "passed", "summary": ""}, {"assertionResults": [{"ancestorTitles": ["GCS Settings Window Shell & Sidebar Routing High-Fidelity Test Suite (settings-window.js)", "Overlay Injection & Shell Layout"], "duration": 92, "failing": false, "failureDetails": [], "failureMessages": [], "fullName": "GCS Settings Window Shell & Sidebar Routing High-Fidelity Test Suite (settings-window.js) Overlay Injection & Shell Layout should inject correct HTML shell when open() is called", "invocations": 1, "location": null, "numPassingAsserts": 7, "retryReasons": [], "startAt": 1780567474556, "status": "passed", "title": "should inject correct HTML shell when open() is called"}, {"ancestorTitles": ["GCS Settings Window Shell & Sidebar Routing High-Fidelity Test Suite (settings-window.js)", "Overlay Injection & Shell Layout"], "duration": 26, "failing": false, "failureDetails": [], "failureMessages": [], "fullName": "GCS Settings Window Shell & Sidebar Routing High-Fidelity Test Suite (settings-window.js) Overlay Injection & Shell Layout should prevent double overlay creation on multiple open() calls", "invocations": 1, "location": null, "numPassingAsserts": 1, "retryReasons": [], "startAt": 1780567474649, "status": "passed", "title": "should prevent double overlay creation on multiple open() calls"}, {"ancestorTitles": ["GCS Settings Window Shell & Sidebar Routing High-Fidelity Test Suite (settings-window.js)", "Sidebar Routing & Lazy Load Module Triggers"], "duration": 56, "failing": false, "failureDetails": [], "failureMessages": [], "fullName": "GCS Settings Window Shell & Sidebar Routing High-Fidelity Test Suite (settings-window.js) Sidebar Routing & Lazy Load Module Triggers should navigate between tabs and lazy-load relevant panels", "invocations": 1, "location": null, "numPassingAsserts": 10, "retryReasons": [], "startAt": 1780567474676, "status": "passed", "title": "should navigate between tabs and lazy-load relevant panels"}, {"ancestorTitles": ["GCS Settings Window Shell & Sidebar Routing High-Fidelity Test Suite (settings-window.js)", "Sidebar Routing & Lazy Load Module Triggers"], "duration": 30, "failing": false, "failureDetails": [], "failureMessages": [], "fullName": "GCS Settings Window Shell & Sidebar Routing High-Fidelity Test Suite (settings-window.js) Sidebar Routing & Lazy Load Module Triggers should display error block if panel module fails to initialize", "invocations": 1, "location": null, "numPassingAsserts": 2, "retryReasons": [], "startAt": 1780567474732, "status": "passed", "title": "should display error block if panel module fails to initialize"}, {"ancestorTitles": ["GCS Settings Window Shell & Sidebar Routing High-Fidelity Test Suite (settings-window.js)", "Sidebar Routing & Lazy Load Module Triggers"], "duration": 31, "failing": false, "failureDetails": [], "failureMessages": [], "fullName": "GCS Settings Window Shell & Sidebar Routing High-Fidelity Test Suite (settings-window.js) Sidebar Routing & Lazy Load Module Triggers should display script not loaded warning if module script is missing", "invocations": 1, "location": null, "numPassingAsserts": 2, "retryReasons": [], "startAt": 1780567474768, "status": "passed", "title": "should display script not loaded warning if module script is missing"}, {"ancestorTitles": ["GCS Settings Window Shell & Sidebar Routing High-Fidelity Test Suite (settings-window.js)", "Overlay Close & Dismissals"], "duration": 54, "failing": false, "failureDetails": [], "failureMessages": [], "fullName": "GCS Settings Window Shell & Sidebar Routing High-Fidelity Test Suite (settings-window.js) Overlay Close & Dismissals should close the overlay on close button click with fade out", "invocations": 1, "location": null, "numPassingAsserts": 4, "retryReasons": [], "startAt": 1780567474800, "status": "passed", "title": "should close the overlay on close button click with fade out"}, {"ancestorTitles": ["GCS Settings Window Shell & Sidebar Routing High-Fidelity Test Suite (settings-window.js)", "Overlay Close & Dismissals"], "duration": 73, "failing": false, "failureDetails": [], "failureMessages": [], "fullName": "GCS Settings Window Shell & Sidebar Routing High-Fidelity Test Suite (settings-window.js) Overlay Close & Dismissals should close overlay on Escape keydown", "invocations": 1, "location": null, "numPassingAsserts": 3, "retryReasons": [], "startAt": 1780567474854, "status": "passed", "title": "should close overlay on Escape keydown"}, {"ancestorTitles": ["GCS Settings Window Shell & Sidebar Routing High-Fidelity Test Suite (settings-window.js)", "SwUtil Shared Global Utility Helpers"], "duration": 36, "failing": false, "failureDetails": [], "failureMessages": [], "fullName": "GCS Settings Window Shell & Sidebar Routing High-Fidelity Test Suite (settings-window.js) SwUtil Shared Global Utility Helpers should update status texts and classlists correctly", "invocations": 1, "location": null, "numPassingAsserts": 2, "retryReasons": [], "startAt": 1780567474927, "status": "passed", "title": "should update status texts and classlists correctly"}, {"ancestorTitles": ["GCS Settings Window Shell & Sidebar Routing High-Fidelity Test Suite (settings-window.js)", "SwUtil Shared Global Utility Helpers"], "duration": 39, "failing": false, "failureDetails": [], "failureMessages": [], "fullName": "GCS Settings Window Shell & Sidebar Routing High-Fidelity Test Suite (settings-window.js) SwUtil Shared Global Utility Helpers should trigger micro-animated success and error toasts", "invocations": 1, "location": null, "numPassingAsserts": 10, "retryReasons": [], "startAt": 1780567474963, "status": "passed", "title": "should trigger micro-animated success and error toasts"}], "endTime": 1780567475126, "message": "", "name": "E:\\TiHAN\\TflyGCS (1)\\TflyGCS\\test_frontend\\unit_test\\settings-window.test.js", "startTime": 1780567474033, "status": "passed", "summary": ""}, {"assertionResults": [{"ancestorTitles": ["GCS PID Tuning Panel High-Fidelity Behavioral Test Suite (pid-tuning.js)", "Layout Injection & Inputs"], "duration": 278, "failing": false, "failureDetails": [], "failureMessages": [], "fullName": "GCS PID Tuning Panel High-Fidelity Behavioral Test Suite (pid-tuning.js) Layout Injection & Inputs should inject correct headers, action buttons, and render all 45+ parameters", "invocations": 1, "location": null, "numPassingAsserts": 4, "retryReasons": [], "startAt": 1780567472279, "status": "passed", "title": "should inject correct headers, action buttons, and render all 45+ parameters"}, {"ancestorTitles": ["GCS PID Tuning Panel High-Fidelity Behavioral Test Suite (pid-tuning.js)", "Layout Injection & Inputs"], "duration": 60, "failing": false, "failureDetails": [], "failureMessages": [], "fullName": "GCS PID Tuning Panel High-Fidelity Behavioral Test Suite (pid-tuning.js) Layout Injection & Inputs should initially show the idle state", "invocations": 1, "location": null, "numPassingAsserts": 2, "retryReasons": [], "startAt": 1780567472558, "status": "passed", "title": "should initially show the idle state"}, {"ancestorTitles": ["GCS PID Tuning Panel High-Fidelity Behavioral Test Suite (pid-tuning.js)", "Lock Pitch and Roll Values Mirroring"], "duration": 63, "failing": false, "failureDetails": [], "failureMessages": [], "fullName": "GCS PID Tuning Panel High-Fidelity Behavioral Test Suite (pid-tuning.js) Lock Pitch and Roll Values Mirroring should mirror roll inputs to pitch inputs when mirror checkbox is checked", "invocations": 1, "location": null, "numPassingAsserts": 1, "retryReasons": [], "startAt": 1780567472619, "status": "passed", "title": "should mirror roll inputs to pitch inputs when mirror checkbox is checked"}, {"ancestorTitles": ["GCS PID Tuning Panel High-Fidelity Behavioral Test Suite (pid-tuning.js)", "Lock Pitch and Roll Values Mirroring"], "duration": 69, "failing": false, "failureDetails": [], "failureMessages": [], "fullName": "GCS PID Tuning Panel High-Fidelity Behavioral Test Suite (pid-tuning.js) Lock Pitch and Roll Values Mirroring should not mirror roll inputs to pitch inputs when mirror checkbox is unchecked", "invocations": 1, "location": null, "numPassingAsserts": 1, "retryReasons": [], "startAt": 1780567472682, "status": "passed", "title": "should not mirror roll inputs to pitch inputs when mirror checkbox is unchecked"}, {"ancestorTitles": ["GCS PID Tuning Panel High-Fidelity Behavioral Test Suite (pid-tuning.js)", "Refresh / Fetch Parameters Engine"], "duration": 82, "failing": false, "failureDetails": [], "failureMessages": [], "fullName": "GCS PID Tuning Panel High-Fidelity Behavioral Test Suite (pid-tuning.js) Refresh / Fetch Parameters Engine should trigger staggered fetches for all params sequentially", "invocations": 1, "location": null, "numPassingAsserts": 8, "retryReasons": [], "startAt": 1780567472751, "status": "passed", "title": "should trigger staggered fetches for all params sequentially"}, {"ancestorTitles": ["GCS PID Tuning Panel High-Fidelity Behavioral Test Suite (pid-tuning.js)", "Write Parameters Engine & Fleet Broadcasts"], "duration": 96, "failing": false, "failureDetails": [], "failureMessages": [], "fullName": "GCS PID Tuning Panel High-Fidelity Behavioral Test Suite (pid-tuning.js) Write Parameters Engine & Fleet Broadcasts should send param_set packages sequentially for modified inputs", "invocations": 1, "location": null, "numPassingAsserts": 4, "retryReasons": [], "startAt": 1780567472834, "status": "passed", "title": "should send param_set packages sequentially for modified inputs"}, {"ancestorTitles": ["GCS PID Tuning Panel High-Fidelity Behavioral Test Suite (pid-tuning.js)", "Write Parameters Engine & Fleet Broadcasts"], "duration": 74, "failing": false, "failureDetails": [], "failureMessages": [], "fullName": "GCS PID Tuning Panel High-Fidelity Behavioral Test Suite (pid-tuning.js) Write Parameters Engine & Fleet Broadcasts should broadcast parameters to all fleet members when selectedSysId is 0 (All Drones)", "invocations": 1, "location": null, "numPassingAsserts": 4, "retryReasons": [], "startAt": 1780567472931, "status": "passed", "title": "should broadcast parameters to all fleet members when selectedSysId is 0 (All Drones)"}, {"ancestorTitles": ["GCS PID Tuning Panel High-Fidelity Behavioral Test Suite (pid-tuning.js)", "WebSocket Interaction & Visual Confirmation Feedback"], "duration": 61, "failing": false, "failureDetails": [], "failureMessages": [], "fullName": "GCS PID Tuning Panel High-Fidelity Behavioral Test Suite (pid-tuning.js) WebSocket Interaction & Visual Confirmation Feedback should update input value and flash positive styling upon param_value update", "invocations": 1, "location": null, "numPassingAsserts": 3, "retryReasons": [], "startAt": 1780567473007, "status": "passed", "title": "should update input value and flash positive styling upon param_value update"}, {"ancestorTitles": ["GCS PID Tuning Panel High-Fidelity Behavioral Test Suite (pid-tuning.js)", "WebSocket Interaction & Visual Confirmation Feedback"], "duration": 58, "failing": false, "failureDetails": [], "failureMessages": [], "fullName": "GCS PID Tuning Panel High-Fidelity Behavioral Test Suite (pid-tuning.js) WebSocket Interaction & Visual Confirmation Feedback should update input value and flash positive styling upon parameter message", "invocations": 1, "location": null, "numPassingAsserts": 1, "retryReasons": [], "startAt": 1780567473068, "status": "passed", "title": "should update input value and flash positive styling upon parameter message"}, {"ancestorTitles": ["GCS PID Tuning Panel High-Fidelity Behavioral Test Suite (pid-tuning.js)", "WebSocket Interaction & Visual Confirmation Feedback"], "duration": 59, "failing": false, "failureDetails": [], "failureMessages": [], "fullName": "GCS PID Tuning Panel High-Fidelity Behavioral Test Suite (pid-tuning.js) WebSocket Interaction & Visual Confirmation Feedback should display warning status message if param_error is received", "invocations": 1, "location": null, "numPassingAsserts": 2, "retryReasons": [], "startAt": 1780567473126, "status": "passed", "title": "should display warning status message if param_error is received"}], "endTime": 1780567473277, "message": "", "name": "E:\\TiHAN\\TflyGCS (1)\\TflyGCS\\test_frontend\\unit_test\\pid-tuning.test.js", "startTime": 1780567471752, "status": "passed", "summary": ""}, {"assertionResults": [{"ancestorTitles": ["GCS Compass Calibration High-Fidelity Behavioral Test Suite (calib-compass.js)", "Layout Injection & Priority Reordering"], "duration": 156, "failing": false, "failureDetails": [], "failureMessages": [], "fullName": "GCS Compass Calibration High-Fidelity Behavioral Test Suite (calib-compass.js) Layout Injection & Priority Reordering should inject correct HTML templates, render rows, and allow priority row sorting up/down", "invocations": 1, "location": null, "numPassingAsserts": 9, "retryReasons": [], "startAt": 1780567473137, "status": "passed", "title": "should inject correct HTML templates, render rows, and allow priority row sorting up/down"}, {"ancestorTitles": ["GCS Compass Calibration High-Fidelity Behavioral Test Suite (calib-compass.js)", "Layout Injection & Priority Reordering"], "duration": 79, "failing": false, "failureDetails": [], "failureMessages": [], "fullName": "GCS Compass Calibration High-Fidelity Behavioral Test Suite (calib-compass.js) Layout Injection & Priority Reordering should allow removing missing compasses checkboxes", "invocations": 1, "location": null, "numPassingAsserts": 4, "retryReasons": [], "startAt": 1780567473296, "status": "passed", "title": "should allow removing missing compasses checkboxes"}, {"ancestorTitles": ["GCS Compass Calibration High-Fidelity Behavioral Test Suite (calib-compass.js)", "MagCal Calibration Commands & Toggles"], "duration": 60, "failing": false, "failureDetails": [], "failureMessages": [], "fullName": "GCS Compass Calibration High-Fidelity Behavioral Test Suite (calib-compass.js) MagCal Calibration Commands & Toggles should start calibration with large vehicle toggles and cancel active session", "invocations": 1, "location": null, "numPassingAsserts": 8, "retryReasons": [], "startAt": 1780567473375, "status": "passed", "title": "should start calibration with large vehicle toggles and cancel active session"}, {"ancestorTitles": ["GCS Compass Calibration High-Fidelity Behavioral Test Suite (calib-compass.js)", "MagCal Calibration Commands & Toggles"], "duration": 40, "failing": false, "failureDetails": [], "failureMessages": [], "fullName": "GCS Compass Calibration High-Fidelity Behavioral Test Suite (calib-compass.js) MagCal Calibration Commands & Toggles should support large vehicle calibration triggers", "invocations": 1, "location": null, "numPassingAsserts": 1, "retryReasons": [], "startAt": 1780567473436, "status": "passed", "title": "should support large vehicle calibration triggers"}, {"ancestorTitles": ["GCS Compass Calibration High-Fidelity Behavioral Test Suite (calib-compass.js)", "MagCal Calibration Commands & Toggles"], "duration": 114, "failing": false, "failureDetails": [], "failureMessages": [], "fullName": "GCS Compass Calibration High-Fidelity Behavioral Test Suite (calib-compass.js) MagCal Calibration Commands & Toggles should trigger large vehicle magcal button directly", "invocations": 1, "location": null, "numPassingAsserts": 1, "retryReasons": [], "startAt": 1780567473476, "status": "passed", "title": "should trigger large vehicle magcal button directly"}, {"ancestorTitles": ["GCS Compass Calibration High-Fidelity Behavioral Test Suite (calib-compass.js)", "WebSocket MagCal Progress & Status Updates"], "duration": 104, "failing": false, "failureDetails": [], "failureMessages": [], "fullName": "GCS Compass Calibration High-Fidelity Behavioral Test Suite (calib-compass.js) WebSocket MagCal Progress & Status Updates should update progress bars, active indicators, and plot canvas dots", "invocations": 1, "location": null, "numPassingAsserts": 9, "retryReasons": [], "startAt": 1780567473590, "status": "passed", "title": "should update progress bars, active indicators, and plot canvas dots"}, {"ancestorTitles": ["GCS Compass Calibration High-Fidelity Behavioral Test Suite (calib-compass.js)", "MagCal Result Handling & Reboot Overlay"], "duration": 43, "failing": false, "failureDetails": [], "failureMessages": [], "fullName": "GCS Compass Calibration High-Fidelity Behavioral Test Suite (calib-compass.js) MagCal Result Handling & Reboot Overlay should handle final success done result, pop reboot overlay, and write reboot FC command", "invocations": 1, "location": null, "numPassingAsserts": 9, "retryReasons": [], "startAt": 1780567473694, "status": "passed", "title": "should handle final success done result, pop reboot overlay, and write reboot FC command"}, {"ancestorTitles": ["GCS Compass Calibration High-Fidelity Behavioral Test Suite (calib-compass.js)", "MagCal Result Handling & Reboot Overlay"], "duration": 39, "failing": false, "failureDetails": [], "failureMessages": [], "fullName": "GCS Compass Calibration High-Fidelity Behavioral Test Suite (calib-compass.js) MagCal Result Handling & Reboot Overlay should handle failed MagCal result, mark bars red, and indicate failures", "invocations": 1, "location": null, "numPassingAsserts": 4, "retryReasons": [], "startAt": 1780567473737, "status": "passed", "title": "should handle failed MagCal result, mark bars red, and indicate failures"}], "endTime": 1780567473871, "message": "", "name": "E:\\TiHAN\\TflyGCS (1)\\TflyGCS\\test_frontend\\unit_test\\calib-compass.test.js", "startTime": 1780567472721, "status": "passed", "summary": ""}, {"assertionResults": [{"ancestorTitles": ["Full Parameter Panel Suite (js/param-full.js)"], "duration": 124, "failing": false, "failureDetails": [], "failureMessages": [], "fullName": "Full Parameter Panel Suite (js/param-full.js) should initialize panel UI and fetch metadata correctly", "invocations": 1, "location": null, "numPassingAsserts": 5, "retryReasons": [], "startAt": 1780567469791, "status": "passed", "title": "should initialize panel UI and fetch metadata correctly"}, {"ancestorTitles": ["Full Parameter Panel Suite (js/param-full.js)"], "duration": 33, "failing": false, "failureDetails": [], "failureMessages": [], "fullName": "Full Parameter Panel Suite (js/param-full.js) should handle param_load_start and display progress correctly", "invocations": 1, "location": null, "numPassingAsserts": 2, "retryReasons": [], "startAt": 1780567469916, "status": "passed", "title": "should handle param_load_start and display progress correctly"}, {"ancestorTitles": ["Full Parameter Panel Suite (js/param-full.js)"], "duration": 35, "failing": false, "failureDetails": [], "failureMessages": [], "fullName": "Full Parameter Panel Suite (js/param-full.js) should handle param_load_progress updates", "invocations": 1, "location": null, "numPassingAsserts": 2, "retryReasons": [], "startAt": 1780567469949, "status": "passed", "title": "should handle param_load_progress updates"}, {"ancestorTitles": ["Full Parameter Panel Suite (js/param-full.js)"], "duration": 134, "failing": false, "failureDetails": [], "failureMessages": [], "fullName": "Full Parameter Panel Suite (js/param-full.js) should build table completely on param_all cache load", "invocations": 1, "location": null, "numPassingAsserts": 5, "retryReasons": [], "startAt": 1780567469984, "status": "passed", "title": "should build table completely on param_all cache load"}, {"ancestorTitles": ["Full Parameter Panel Suite (js/param-full.js)"], "duration": 77, "failing": false, "failureDetails": [], "failureMessages": [], "fullName": "Full Parameter Panel Suite (js/param-full.js) should upsert single row dynamically on param_value arrival", "invocations": 1, "location": null, "numPassingAsserts": 3, "retryReasons": [], "startAt": 1780567470119, "status": "passed", "title": "should upsert single row dynamically on param_value arrival"}, {"ancestorTitles": ["Full Parameter Panel Suite (js/param-full.js)"], "duration": 81, "failing": false, "failureDetails": [], "failureMessages": [], "fullName": "Full Parameter Panel Suite (js/param-full.js) should mark rows as dirty when values are edited", "invocations": 1, "location": null, "numPassingAsserts": 3, "retryReasons": [], "startAt": 1780567470197, "status": "passed", "title": "should mark rows as dirty when values are edited"}, {"ancestorTitles": ["Full Parameter Panel Suite (js/param-full.js)"], "duration": 86, "failing": false, "failureDetails": [], "failureMessages": [], "fullName": "Full Parameter Panel Suite (js/param-full.js) should write changed parameter values on Enter key", "invocations": 1, "location": null, "numPassingAsserts": 1, "retryReasons": [], "startAt": 1780567470278, "status": "passed", "title": "should write changed parameter values on Enter key"}, {"ancestorTitles": ["Full Parameter Panel Suite (js/param-full.js)"], "duration": 78, "failing": false, "failureDetails": [], "failureMessages": [], "fullName": "Full Parameter Panel Suite (js/param-full.js) should support dropdown selection comboboxes for categorical parameters", "invocations": 1, "location": null, "numPassingAsserts": 3, "retryReasons": [], "startAt": 1780567470365, "status": "passed", "title": "should support dropdown selection comboboxes for categorical parameters"}, {"ancestorTitles": ["Full Parameter Panel Suite (js/param-full.js)"], "duration": 136, "failing": false, "failureDetails": [], "failureMessages": [], "fullName": "Full Parameter Panel Suite (js/param-full.js) should search/filter table correctly", "invocations": 1, "location": null, "numPassingAsserts": 4, "retryReasons": [], "startAt": 1780567470443, "status": "passed", "title": "should search/filter table correctly"}, {"ancestorTitles": ["Full Parameter Panel Suite (js/param-full.js)"], "duration": 61, "failing": false, "failureDetails": [], "failureMessages": [], "fullName": "Full Parameter Panel Suite (js/param-full.js) should broadcast dirty parameters to all active drones if sysid = 0", "invocations": 1, "location": null, "numPassingAsserts": 2, "retryReasons": [], "startAt": 1780567470579, "status": "passed", "title": "should broadcast dirty parameters to all active drones if sysid = 0"}, {"ancestorTitles": ["Full Parameter Panel Suite (js/param-full.js)"], "duration": 27, "failing": false, "failureDetails": [], "failureMessages": [], "fullName": "Full Parameter Panel Suite (js/param-full.js) should support save to file and load from file prompts", "invocations": 1, "location": null, "numPassingAsserts": 2, "retryReasons": [], "startAt": 1780567470641, "status": "passed", "title": "should support save to file and load from file prompts"}, {"ancestorTitles": ["Full Parameter Panel Suite (js/param-full.js)"], "duration": 128, "failing": false, "failureDetails": [], "failureMessages": [], "fullName": "Full Parameter Panel Suite (js/param-full.js) should clear dirty param on param_set_sent ack arrival", "invocations": 1, "location": null, "numPassingAsserts": 3, "retryReasons": [], "startAt": 1780567470668, "status": "passed", "title": "should clear dirty param on param_set_sent ack arrival"}, {"ancestorTitles": ["Full Parameter Panel Suite (js/param-full.js)"], "duration": 74, "failing": false, "failureDetails": [], "failureMessages": [], "fullName": "Full Parameter Panel Suite (js/param-full.js) should re-request parameters when current active vehicle is changed", "invocations": 1, "location": null, "numPassingAsserts": 2, "retryReasons": [], "startAt": 1780567470796, "status": "passed", "title": "should re-request parameters when current active vehicle is changed"}, {"ancestorTitles": ["Full Parameter Panel Suite (js/param-full.js)", "Additional Edge Cases for param-full.js"], "duration": 30, "failing": false, "failureDetails": [], "failureMessages": [], "fullName": "Full Parameter Panel Suite (js/param-full.js) Additional Edge Cases for param-full.js should test loadExternalMeta failure and default fetch errors", "invocations": 1, "location": null, "numPassingAsserts": 1, "retryReasons": [], "startAt": 1780567470871, "status": "passed", "title": "should test loadExternalMeta failure and default fetch errors"}, {"ancestorTitles": ["Full Parameter Panel Suite (js/param-full.js)", "Additional Edge Cases for param-full.js"], "duration": 530, "failing": false, "failureDetails": [], "failureMessages": [], "fullName": "Full Parameter Panel Suite (js/param-full.js) Additional Edge Cases for param-full.js should fall back to regex checks in getMeta", "invocations": 1, "location": null, "numPassingAsserts": 1, "retryReasons": [], "startAt": 1780567470901, "status": "passed", "title": "should fall back to regex checks in getMeta"}, {"ancestorTitles": ["Full Parameter Panel Suite (js/param-full.js)", "Additional Edge Cases for param-full.js"], "duration": 32, "failing": false, "failureDetails": [], "failureMessages": [], "fullName": "Full Parameter Panel Suite (js/param-full.js) Additional Edge Cases for param-full.js should handle wsSend failure modes and status toasts", "invocations": 1, "location": null, "numPassingAsserts": 3, "retryReasons": [], "startAt": 1780567471431, "status": "passed", "title": "should handle wsSend failure modes and status toasts"}, {"ancestorTitles": ["Full Parameter Panel Suite (js/param-full.js)", "Additional Edge Cases for param-full.js"], "duration": 237, "failing": false, "failureDetails": [], "failureMessages": [], "fullName": "Full Parameter Panel Suite (js/param-full.js) Additional Edge Cases for param-full.js should handle complex range cell representation (bitmask, multi-options)", "invocations": 1, "location": null, "numPassingAsserts": 3, "retryReasons": [], "startAt": 1780567471464, "status": "passed", "title": "should handle complex range cell representation (bitmask, multi-options)"}, {"ancestorTitles": ["Full Parameter Panel Suite (js/param-full.js)", "Additional Edge Cases for param-full.js"], "duration": 90, "failing": false, "failureDetails": [], "failureMessages": [], "fullName": "Full Parameter Panel Suite (js/param-full.js) Additional Edge Cases for param-full.js should test input events, focus, blur, non-enter keydown, and empty keydown", "invocations": 1, "location": null, "numPassingAsserts": 2, "retryReasons": [], "startAt": 1780567471702, "status": "passed", "title": "should test input events, focus, blur, non-enter keydown, and empty keydown"}, {"ancestorTitles": ["Full Parameter Panel Suite (js/param-full.js)", "Additional Edge Cases for param-full.js"], "duration": 89, "failing": false, "failureDetails": [], "failureMessages": [], "fullName": "Full Parameter Panel Suite (js/param-full.js) Additional Edge Cases for param-full.js should test refresh button, prompt cancels, and write toast errors", "invocations": 1, "location": null, "numPassingAsserts": 3, "retryReasons": [], "startAt": 1780567471792, "status": "passed", "title": "should test refresh button, prompt cancels, and write toast errors"}, {"ancestorTitles": ["Full Parameter Panel Suite (js/param-full.js)", "Additional Edge Cases for param-full.js"], "duration": 42, "failing": false, "failureDetails": [], "failureMessages": [], "fullName": "Full Parameter Panel Suite (js/param-full.js) Additional Edge Cases for param-full.js should test vehicle_selected active class condition", "invocations": 1, "location": null, "numPassingAsserts": 2, "retryReasons": [], "startAt": 1780567471881, "status": "passed", "title": "should test vehicle_selected active class condition"}, {"ancestorTitles": ["Full Parameter Panel Suite (js/param-full.js)", "Additional Edge Cases for param-full.js"], "duration": 227, "failing": false, "failureDetails": [], "failureMessages": [], "fullName": "Full Parameter Panel Suite (js/param-full.js) Additional Edge Cases for param-full.js should check upsertRow on existing elements updates select/inputs", "invocations": 1, "location": null, "numPassingAsserts": 2, "retryReasons": [], "startAt": 1780567471924, "status": "passed", "title": "should check upsertRow on existing elements updates select/inputs"}], "endTime": 1780567472323, "message": "", "name": "E:\\TiHAN\\TflyGCS (1)\\TflyGCS\\test_frontend\\unit_test\\param-full.test.js", "startTime": 1780567468992, "status": "passed", "summary": ""}, {"assertionResults": [{"ancestorTitles": ["Plan Flight Mode - Polygon Actions High-Fidelity Behavioral Test Suite (plan-flight-polygon.js)", "Prototype Extension Validation"], "duration": 5, "failing": false, "failureDetails": [], "failureMessages": [], "fullName": "Plan Flight Mode - Polygon Actions High-Fidelity Behavioral Test Suite (plan-flight-polygon.js) Prototype Extension Validation should extend PlanFlightMode prototype with correct action handlers", "invocations": 1, "location": null, "numPassingAsserts": 6, "retryReasons": [], "startAt": 1780567476882, "status": "passed", "title": "should extend PlanFlightMode prototype with correct action handlers"}, {"ancestorTitles": ["Plan Flight Mode - Polygon Actions High-Fidelity Behavioral Test Suite (plan-flight-polygon.js)", "Function: handlePolygonActions"], "duration": 3, "failing": false, "failureDetails": [], "failureMessages": [], "fullName": "Plan Flight Mode - Polygon Actions High-Fidelity Behavioral Test Suite (plan-flight-polygon.js) Function: handlePolygonActions should route draw-polygon action", "invocations": 1, "location": null, "numPassingAsserts": 1, "retryReasons": [], "startAt": 1780567476888, "status": "passed", "title": "should route draw-polygon action"}, {"ancestorTitles": ["Plan Flight Mode - Polygon Actions High-Fidelity Behavioral Test Suite (plan-flight-polygon.js)", "Function: handlePolygonActions"], "duration": 2, "failing": false, "failureDetails": [], "failureMessages": [], "fullName": "Plan Flight Mode - Polygon Actions High-Fidelity Behavioral Test Suite (plan-flight-polygon.js) Function: handlePolygonActions should route survey-pattern action", "invocations": 1, "location": null, "numPassingAsserts": 1, "retryReasons": [], "startAt": 1780567476891, "status": "passed", "title": "should route survey-pattern action"}, {"ancestorTitles": ["Plan Flight Mode - Polygon Actions High-Fidelity Behavioral Test Suite (plan-flight-polygon.js)", "Function: handlePolygonActions"], "duration": 2, "failing": false, "failureDetails": [], "failureMessages": [], "fullName": "Plan Flight Mode - Polygon Actions High-Fidelity Behavioral Test Suite (plan-flight-polygon.js) Function: handlePolygonActions should route survey-settings action", "invocations": 1, "location": null, "numPassingAsserts": 1, "retryReasons": [], "startAt": 1780567476893, "status": "passed", "title": "should route survey-settings action"}, {"ancestorTitles": ["Plan Flight Mode - Polygon Actions High-Fidelity Behavioral Test Suite (plan-flight-polygon.js)", "Function: handlePolygonActions"], "duration": 2, "failing": false, "failureDetails": [], "failureMessages": [], "fullName": "Plan Flight Mode - Polygon Actions High-Fidelity Behavioral Test Suite (plan-flight-polygon.js) Function: handlePolygonActions should route clear-polygon action", "invocations": 1, "location": null, "numPassingAsserts": 1, "retryReasons": [], "startAt": 1780567476895, "status": "passed", "title": "should route clear-polygon action"}, {"ancestorTitles": ["Plan Flight Mode - Polygon Actions High-Fidelity Behavioral Test Suite (plan-flight-polygon.js)", "Function: handlePolygonActions"], "duration": 3, "failing": false, "failureDetails": [], "failureMessages": [], "fullName": "Plan Flight Mode - Polygon Actions High-Fidelity Behavioral Test Suite (plan-flight-polygon.js) Function: handlePolygonActions should log warning for unknown action", "invocations": 1, "location": null, "numPassingAsserts": 1, "retryReasons": [], "startAt": 1780567476897, "status": "passed", "title": "should log warning for unknown action"}, {"ancestorTitles": ["Plan Flight Mode - Polygon Actions High-Fidelity Behavioral Test Suite (plan-flight-polygon.js)", "Function: drawPolygon"], "duration": 1, "failing": false, "failureDetails": [], "failureMessages": [], "fullName": "Plan Flight Mode - Polygon Actions High-Fidelity Behavioral Test Suite (plan-flight-polygon.js) Function: drawPolygon should handle error state if PolygonManager is missing", "invocations": 1, "location": null, "numPassingAsserts": 2, "retryReasons": [], "startAt": 1780567476901, "status": "passed", "title": "should handle error state if PolygonManager is missing"}, {"ancestorTitles": ["Plan Flight Mode - Polygon Actions High-Fidelity Behavioral Test Suite (plan-flight-polygon.js)", "Function: drawPolygon"], "duration": 1, "failing": false, "failureDetails": [], "failureMessages": [], "fullName": "Plan Flight Mode - Polygon Actions High-Fidelity Behavioral Test Suite (plan-flight-polygon.js) Function: drawPolygon should cancel drawing if PolygonManager is already drawing", "invocations": 1, "location": null, "numPassingAsserts": 1, "retryReasons": [], "startAt": 1780567476903, "status": "passed", "title": "should cancel drawing if PolygonManager is already drawing"}, {"ancestorTitles": ["Plan Flight Mode - Polygon Actions High-Fidelity Behavioral Test Suite (plan-flight-polygon.js)", "Function: drawPolygon"], "duration": 1, "failing": false, "failureDetails": [], "failureMessages": [], "fullName": "Plan Flight Mode - Polygon Actions High-Fidelity Behavioral Test Suite (plan-flight-polygon.js) Function: drawPolygon should cancel current operation if WaypointManager is in active mode", "invocations": 1, "location": null, "numPassingAsserts": 1, "retryReasons": [], "startAt": 1780567476904, "status": "passed", "title": "should cancel current operation if WaypointManager is in active mode"}, {"ancestorTitles": ["Plan Flight Mode - Polygon Actions High-Fidelity Behavioral Test Suite (plan-flight-polygon.js)", "Function: drawPolygon"], "duration": 1, "failing": false, "failureDetails": [], "failureMessages": [], "fullName": "Plan Flight Mode - Polygon Actions High-Fidelity Behavioral Test Suite (plan-flight-polygon.js) Function: drawPolygon should start drawing session and output instructions toast on success", "invocations": 1, "location": null, "numPassingAsserts": 2, "retryReasons": [], "startAt": 1780567476905, "status": "passed", "title": "should start drawing session and output instructions toast on success"}, {"ancestorTitles": ["Plan Flight Mode - Polygon Actions High-Fidelity Behavioral Test Suite (plan-flight-polygon.js)", "Function: showSurveyPattern"], "duration": 1, "failing": false, "failureDetails": [], "failureMessages": [], "fullName": "Plan Flight Mode - Polygon Actions High-Fidelity Behavioral Test Suite (plan-flight-polygon.js) Function: showSurveyPattern should handle error state if PolygonManager is missing", "invocations": 1, "location": null, "numPassingAsserts": 2, "retryReasons": [], "startAt": 1780567476907, "status": "passed", "title": "should handle error state if PolygonManager is missing"}, {"ancestorTitles": ["Plan Flight Mode - Polygon Actions High-Fidelity Behavioral Test Suite (plan-flight-polygon.js)", "Function: showSurveyPattern"], "duration": 2, "failing": false, "failureDetails": [], "failureMessages": [], "fullName": "Plan Flight Mode - Polygon Actions High-Fidelity Behavioral Test Suite (plan-flight-polygon.js) Function: showSurveyPattern should open the survey pattern modal via PolygonManager", "invocations": 1, "location": null, "numPassingAsserts": 1, "retryReasons": [], "startAt": 1780567476908, "status": "passed", "title": "should open the survey pattern modal via PolygonManager"}, {"ancestorTitles": ["Plan Flight Mode - Polygon Actions High-Fidelity Behavioral Test Suite (plan-flight-polygon.js)", "Function: showSurveySettings"], "duration": 7, "failing": false, "failureDetails": [], "failureMessages": [], "fullName": "Plan Flight Mode - Polygon Actions High-Fidelity Behavioral Test Suite (plan-flight-polygon.js) Function: showSurveySettings should handle error state if PolygonManager is missing", "invocations": 1, "location": null, "numPassingAsserts": 2, "retryReasons": [], "startAt": 1780567476910, "status": "passed", "title": "should handle error state if PolygonManager is missing"}, {"ancestorTitles": ["Plan Flight Mode - Polygon Actions High-Fidelity Behavioral Test Suite (plan-flight-polygon.js)", "Function: showSurveySettings"], "duration": 1, "failing": false, "failureDetails": [], "failureMessages": [], "fullName": "Plan Flight Mode - Polygon Actions High-Fidelity Behavioral Test Suite (plan-flight-polygon.js) Function: showSurveySettings should delegate to showSurveySettingsModal on success", "invocations": 1, "location": null, "numPassingAsserts": 1, "retryReasons": [], "startAt": 1780567476918, "status": "passed", "title": "should delegate to showSurveySettingsModal on success"}, {"ancestorTitles": ["Plan Flight Mode - Polygon Actions High-Fidelity Behavioral Test Suite (plan-flight-polygon.js)", "Function: showSurveySettingsModal"], "duration": 2, "failing": false, "failureDetails": [], "failureMessages": [], "fullName": "Plan Flight Mode - Polygon Actions High-Fidelity Behavioral Test Suite (plan-flight-polygon.js) Function: showSurveySettingsModal should do nothing and print error if PolygonManager is missing", "invocations": 1, "location": null, "numPassingAsserts": 1, "retryReasons": [], "startAt": 1780567476920, "status": "passed", "title": "should do nothing and print error if PolygonManager is missing"}, {"ancestorTitles": ["Plan Flight Mode - Polygon Actions High-Fidelity Behavioral Test Suite (plan-flight-polygon.js)", "Function: showSurveySettingsModal"], "duration": 108, "failing": false, "failureDetails": [], "failureMessages": [], "fullName": "Plan Flight Mode - Polygon Actions High-Fidelity Behavioral Test Suite (plan-flight-polygon.js) Function: showSurveySettingsModal should remove existing modal, render the layout, and set up live mathematical calculations", "invocations": 1, "location": null, "numPassingAsserts": 15, "retryReasons": [], "startAt": 1780567476922, "status": "passed", "title": "should remove existing modal, render the layout, and set up live mathematical calculations"}, {"ancestorTitles": ["Plan Flight Mode - Polygon Actions High-Fidelity Behavioral Test Suite (plan-flight-polygon.js)", "Function: showSurveySettingsModal"], "duration": 83, "failing": false, "failureDetails": [], "failureMessages": [], "fullName": "Plan Flight Mode - Polygon Actions High-Fidelity Behavioral Test Suite (plan-flight-polygon.js) Function: showSurveySettingsModal should dismiss the modal if cancel button is clicked", "invocations": 1, "location": null, "numPassingAsserts": 2, "retryReasons": [], "startAt": 1780567477031, "status": "passed", "title": "should dismiss the modal if cancel button is clicked"}, {"ancestorTitles": ["Plan Flight Mode - Polygon Actions High-Fidelity Behavioral Test Suite (plan-flight-polygon.js)", "Function: showSurveySettingsModal"], "duration": 55, "failing": false, "failureDetails": [], "failureMessages": [], "fullName": "Plan Flight Mode - Polygon Actions High-Fidelity Behavioral Test Suite (plan-flight-polygon.js) Function: showSurveySettingsModal should dismiss the modal if backdrop is clicked", "invocations": 1, "location": null, "numPassingAsserts": 2, "retryReasons": [], "startAt": 1780567477115, "status": "passed", "title": "should dismiss the modal if backdrop is clicked"}, {"ancestorTitles": ["Plan Flight Mode - Polygon Actions High-Fidelity Behavioral Test Suite (plan-flight-polygon.js)", "Function: showSurveySettingsModal"], "duration": 85, "failing": false, "failureDetails": [], "failureMessages": [], "fullName": "Plan Flight Mode - Polygon Actions High-Fidelity Behavioral Test Suite (plan-flight-polygon.js) Function: showSurveySettingsModal should NOT dismiss the modal if modal content box itself is clicked", "invocations": 1, "location": null, "numPassingAsserts": 2, "retryReasons": [], "startAt": 1780567477171, "status": "passed", "title": "should NOT dismiss the modal if modal content box itself is clicked"}, {"ancestorTitles": ["Plan Flight Mode - Polygon Actions High-Fidelity Behavioral Test Suite (plan-flight-polygon.js)", "Function: showSurveySettingsModal"], "duration": 95, "failing": false, "failureDetails": [], "failureMessages": [], "fullName": "Plan Flight Mode - Polygon Actions High-Fidelity Behavioral Test Suite (plan-flight-polygon.js) Function: showSurveySettingsModal should apply and regenerate the survey grid on clicking Apply", "invocations": 1, "location": null, "numPassingAsserts": 11, "retryReasons": [], "startAt": 1780567477256, "status": "passed", "title": "should apply and regenerate the survey grid on clicking Apply"}, {"ancestorTitles": ["Plan Flight Mode - Polygon Actions High-Fidelity Behavioral Test Suite (plan-flight-polygon.js)", "Function: clearPolygon"], "duration": 2, "failing": false, "failureDetails": [], "failureMessages": [], "fullName": "Plan Flight Mode - Polygon Actions High-Fidelity Behavioral Test Suite (plan-flight-polygon.js) Function: clearPolygon should handle error state if PolygonManager is missing", "invocations": 1, "location": null, "numPassingAsserts": 2, "retryReasons": [], "startAt": 1780567477353, "status": "passed", "title": "should handle error state if PolygonManager is missing"}, {"ancestorTitles": ["Plan Flight Mode - Polygon Actions High-Fidelity Behavioral Test Suite (plan-flight-polygon.js)", "Function: clearPolygon"], "duration": 3, "failing": false, "failureDetails": [], "failureMessages": [], "fullName": "Plan Flight Mode - Polygon Actions High-Fidelity Behavioral Test Suite (plan-flight-polygon.js) Function: clearPolygon should do nothing if the user rejects the confirm dialog", "invocations": 1, "location": null, "numPassingAsserts": 3, "retryReasons": [], "startAt": 1780567477356, "status": "passed", "title": "should do nothing if the user rejects the confirm dialog"}, {"ancestorTitles": ["Plan Flight Mode - Polygon Actions High-Fidelity Behavioral Test Suite (plan-flight-polygon.js)", "Function: clearPolygon"], "duration": 4, "failing": false, "failureDetails": [], "failureMessages": [], "fullName": "Plan Flight Mode - Polygon Actions High-Fidelity Behavioral Test Suite (plan-flight-polygon.js) Function: clearPolygon should clear polygon, remove map layers, and log success if user confirms", "invocations": 1, "location": null, "numPassingAsserts": 3, "retryReasons": [], "startAt": 1780567477359, "status": "passed", "title": "should clear polygon, remove map layers, and log success if user confirms"}], "endTime": 1780567477616, "message": "", "name": "E:\\TiHAN\\TflyGCS (1)\\TflyGCS\\test_frontend\\unit_test\\plan-flight-polygon.test.js", "startTime": 1780567476260, "status": "passed", "summary": ""}, {"assertionResults": [{"ancestorTitles": ["Review Log Browser High-Fidelity Behavioral Test Suite", "DOM Layout & Setup UI Controls"], "duration": 55, "failing": false, "failureDetails": [], "failureMessages": [], "fullName": "Review Log Browser High-Fidelity Behavioral Test Suite DOM Layout & Setup UI Controls should inject Review Log window, control bars and overlay panels upon loading", "invocations": 1, "location": null, "numPassingAsserts": 4, "retryReasons": [], "startAt": 1780567469896, "status": "passed", "title": "should inject Review Log window, control bars and overlay panels upon loading"}, {"ancestorTitles": ["Review Log Browser High-Fidelity Behavioral Test Suite", "DOM Layout & Setup UI Controls"], "duration": 20, "failing": false, "failureDetails": [], "failureMessages": [], "fullName": "Review Log Browser High-Fidelity Behavioral Test Suite DOM Layout & Setup UI Controls ReviewLog.open should show the container and hide map/telemetry panels", "invocations": 1, "location": null, "numPassingAsserts": 11, "retryReasons": [], "startAt": 1780567469952, "status": "passed", "title": "ReviewLog.open should show the container and hide map/telemetry panels"}, {"ancestorTitles": ["Review Log Browser High-Fidelity Behavioral Test Suite", "DOM Layout & Setup UI Controls"], "duration": 37, "failing": false, "failureDetails": [], "failureMessages": [], "fullName": "Review Log Browser High-Fidelity Behavioral Test Suite DOM Layout & Setup UI Controls ReviewLog.close should hide the container and invoke AnalyzeToolsPanel.goBack", "invocations": 1, "location": null, "numPassingAsserts": 2, "retryReasons": [], "startAt": 1780567469972, "status": "passed", "title": "ReviewLog.close should hide the container and invoke AnalyzeToolsPanel.goBack"}, {"ancestorTitles": ["Review Log Browser High-Fidelity Behavioral Test Suite", "DOM Layout & Setup UI Controls"], "duration": 19, "failing": false, "failureDetails": [], "failureMessages": [], "fullName": "Review Log Browser High-Fidelity Behavioral Test Suite DOM Layout & Setup UI Controls ReviewLog.close should fall back to restoring panel displays if AnalyzeToolsPanel is missing", "invocations": 1, "location": null, "numPassingAsserts": 5, "retryReasons": [], "startAt": 1780567470009, "status": "passed", "title": "ReviewLog.close should fall back to restoring panel displays if AnalyzeToolsPanel is missing"}, {"ancestorTitles": ["Review Log Browser High-Fidelity Behavioral Test Suite", "In-Browser Binary Log Parser"], "duration": 147, "failing": false, "failureDetails": [], "failureMessages": [], "fullName": "Review Log Browser High-Fidelity Behavioral Test Suite In-Browser Binary Log Parser should successfully parse a valid binary DataFlash file buffer and populate tree view", "invocations": 1, "location": null, "numPassingAsserts": 11, "retryReasons": [], "startAt": 1780567470028, "status": "passed", "title": "should successfully parse a valid binary DataFlash file buffer and populate tree view"}, {"ancestorTitles": ["Review Log Browser High-Fidelity Behavioral Test Suite", "In-Browser Binary Log Parser"], "duration": 24, "failing": false, "failureDetails": [], "failureMessages": [], "fullName": "Review Log Browser High-Fidelity Behavioral Test Suite In-Browser Binary Log Parser should show error indicator when FileReader encounters read error", "invocations": 1, "location": null, "numPassingAsserts": 3, "retryReasons": [], "startAt": 1780567470175, "status": "passed", "title": "should show error indicator when FileReader encounters read error"}, {"ancestorTitles": ["Review Log Browser High-Fidelity Behavioral Test Suite", "In-Browser Binary Log Parser"], "duration": 39, "failing": false, "failureDetails": [], "failureMessages": [], "fullName": "Review Log Browser High-Fidelity Behavioral Test Suite In-Browser Binary Log Parser should show error when parsing returns no messages", "invocations": 1, "location": null, "numPassingAsserts": 3, "retryReasons": [], "startAt": 1780567470199, "status": "passed", "title": "should show error when parsing returns no messages"}, {"ancestorTitles": ["Review Log Browser High-Fidelity Behavioral Test Suite", "In-Browser Binary Log Parser"], "duration": 35, "failing": false, "failureDetails": [], "failureMessages": [], "fullName": "Review Log Browser High-Fidelity Behavioral Test Suite In-Browser Binary Log Parser should handle corrupt bytes gracefully and skip offsets using stall guard", "invocations": 1, "location": null, "numPassingAsserts": 1, "retryReasons": [], "startAt": 1780567470241, "status": "passed", "title": "should handle corrupt bytes gracefully and skip offsets using stall guard"}, {"ancestorTitles": ["Review Log Browser High-Fidelity Behavioral Test Suite", "Search & Filter Tree View"], "duration": 39, "failing": false, "failureDetails": [], "failureMessages": [], "fullName": "Review Log Browser High-Fidelity Behavioral Test Suite Search & Filter Tree View should show all message groups when query is empty", "invocations": 1, "location": null, "numPassingAsserts": 4, "retryReasons": [], "startAt": 1780567470277, "status": "passed", "title": "should show all message groups when query is empty"}, {"ancestorTitles": ["Review Log Browser High-Fidelity Behavioral Test Suite", "Search & Filter Tree View"], "duration": 27, "failing": false, "failureDetails": [], "failureMessages": [], "fullName": "Review Log Browser High-Fidelity Behavioral Test Suite Search & Filter Tree View should filter groups matching message name search query", "invocations": 1, "location": null, "numPassingAsserts": 3, "retryReasons": [], "startAt": 1780567470316, "status": "passed", "title": "should filter groups matching message name search query"}, {"ancestorTitles": ["Review Log Browser High-Fidelity Behavioral Test Suite", "Search & Filter Tree View"], "duration": 37, "failing": false, "failureDetails": [], "failureMessages": [], "fullName": "Review Log Browser High-Fidelity Behavioral Test Suite Search & Filter Tree View should search fields inside groups and open matching group list elements", "invocations": 1, "location": null, "numPassingAsserts": 4, "retryReasons": [], "startAt": 1780567470343, "status": "passed", "title": "should search fields inside groups and open matching group list elements"}, {"ancestorTitles": ["Review Log Browser High-Fidelity Behavioral Test Suite", "Graphing & Legend Controls"], "duration": 105, "failing": false, "failureDetails": [], "failureMessages": [], "fullName": "Review Log Browser High-Fidelity Behavioral Test Suite Graphing & Legend Controls clicking field row should toggle active classes, trigger fetch, plot series & compute stats", "invocations": 1, "location": null, "numPassingAsserts": 17, "retryReasons": [], "startAt": 1780567470381, "status": "passed", "title": "clicking field row should toggle active classes, trigger fetch, plot series & compute stats"}, {"ancestorTitles": ["Review Log Browser High-Fidelity Behavioral Test Suite", "Graphing & Legend Controls"], "duration": 60, "failing": false, "failureDetails": [], "failureMessages": [], "fullName": "Review Log Browser High-Fidelity Behavioral Test Suite Graphing & Legend Controls clicking on a legend chip should untoggle the corresponding field row", "invocations": 1, "location": null, "numPassingAsserts": 3, "retryReasons": [], "startAt": 1780567470486, "status": "passed", "title": "clicking on a legend chip should untoggle the corresponding field row"}, {"ancestorTitles": ["Review Log Browser High-Fidelity Behavioral Test Suite", "Graphing & Legend Controls"], "duration": 45, "failing": false, "failureDetails": [], "failureMessages": [], "fullName": "Review Log Browser High-Fidelity Behavioral Test Suite Graphing & Legend Controls Clear Plots button should untoggle all fields and clear graphs", "invocations": 1, "location": null, "numPassingAsserts": 4, "retryReasons": [], "startAt": 1780567470546, "status": "passed", "title": "Clear Plots button should untoggle all fields and clear graphs"}, {"ancestorTitles": ["Review Log Browser High-Fidelity Behavioral Test Suite", "Zoom & Pan Canvas Controls"], "duration": 11, "failing": false, "failureDetails": [], "failureMessages": [], "fullName": "Review Log Browser High-Fidelity Behavioral Test Suite Zoom & Pan Canvas Controls scroll wheel should zoom in/out centering on mouse coordinate X", "invocations": 1, "location": null, "numPassingAsserts": 5, "retryReasons": [], "startAt": 1780567470591, "status": "passed", "title": "scroll wheel should zoom in/out centering on mouse coordinate X"}, {"ancestorTitles": ["Review Log Browser High-Fidelity Behavioral Test Suite", "Zoom & Pan Canvas Controls"], "duration": 11, "failing": false, "failureDetails": [], "failureMessages": [], "fullName": "Review Log Browser High-Fidelity Behavioral Test Suite Zoom & Pan Canvas Controls mouse click and drag should pan graph bounds horizontally", "invocations": 1, "location": null, "numPassingAsserts": 5, "retryReasons": [], "startAt": 1780567470602, "status": "passed", "title": "mouse click and drag should pan graph bounds horizontally"}, {"ancestorTitles": ["Review Log Browser High-Fidelity Behavioral Test Suite", "Zoom & Pan Canvas Controls"], "duration": 8, "failing": false, "failureDetails": [], "failureMessages": [], "fullName": "Review Log Browser High-Fidelity Behavioral Test Suite Zoom & Pan Canvas Controls touch swipe events should simulate multi-touch zoom and single-touch pan", "invocations": 1, "location": null, "numPassingAsserts": 2, "retryReasons": [], "startAt": 1780567470613, "status": "passed", "title": "touch swipe events should simulate multi-touch zoom and single-touch pan"}, {"ancestorTitles": ["Review Log Browser High-Fidelity Behavioral Test Suite", "Zoom & Pan Canvas Controls"], "duration": 38, "failing": false, "failureDetails": [], "failureMessages": [], "fullName": "Review Log Browser High-Fidelity Behavioral Test Suite Zoom & Pan Canvas Controls Reset Zoom button should restore full data bounds", "invocations": 1, "location": null, "numPassingAsserts": 2, "retryReasons": [], "startAt": 1780567470621, "status": "passed", "title": "Reset Zoom button should restore full data bounds"}, {"ancestorTitles": ["Review Log Browser High-Fidelity Behavioral Test Suite", "File Input Wrapper Interactions"], "duration": 7, "failing": false, "failureDetails": [], "failureMessages": [], "fullName": "Review Log Browser High-Fidelity Behavioral Test Suite File Input Wrapper Interactions clicking Open Log File button should delegate trigger click to hidden file input", "invocations": 1, "location": null, "numPassingAsserts": 1, "retryReasons": [], "startAt": 1780567470660, "status": "passed", "title": "clicking Open Log File button should delegate trigger click to hidden file input"}, {"ancestorTitles": ["Review Log Browser High-Fidelity Behavioral Test Suite", "File Input Wrapper Interactions"], "duration": 12, "failing": false, "failureDetails": [], "failureMessages": [], "fullName": "Review Log Browser High-Fidelity Behavioral Test Suite File Input Wrapper Interactions changing selected file input should parse log and clear value string", "invocations": 1, "location": null, "numPassingAsserts": 2, "retryReasons": [], "startAt": 1780567470667, "status": "passed", "title": "changing selected file input should parse log and clear value string"}, {"ancestorTitles": ["Review Log Browser High-Fidelity Behavioral Test Suite", "Event-Driven Zoom & Pan, Complete Decoder Types, & Error Catching"], "duration": 61, "failing": false, "failureDetails": [], "failureMessages": [], "fullName": "Review Log Browser High-Fidelity Behavioral Test Suite Event-Driven Zoom & Pan, Complete Decoder Types, & Error Catching should dispatch actual wheel, drag mouse and touch events to verify zoom & pan behavior", "invocations": 1, "location": null, "numPassingAsserts": 1, "retryReasons": [], "startAt": 1780567470680, "status": "passed", "title": "should dispatch actual wheel, drag mouse and touch events to verify zoom & pan behavior"}, {"ancestorTitles": ["Review Log Browser High-Fidelity Behavioral Test Suite", "Event-Driven Zoom & Pan, Complete Decoder Types, & Error Catching"], "duration": 67, "failing": false, "failureDetails": [], "failureMessages": [], "fullName": "Review Log Browser High-Fidelity Behavioral Test Suite Event-Driven Zoom & Pan, Complete Decoder Types, & Error Catching should successfully decode all format types: bBhHiIfdcCeELnNZqQ", "invocations": 1, "location": null, "numPassingAsserts": 2, "retryReasons": [], "startAt": 1780567470741, "status": "passed", "title": "should successfully decode all format types: bBhHiIfdcCeELnNZqQ"}, {"ancestorTitles": ["Review Log Browser High-Fidelity Behavioral Test Suite", "Event-Driven Zoom & Pan, Complete Decoder Types, & Error Catching"], "duration": 78, "failing": false, "failureDetails": [], "failureMessages": [], "fullName": "Review Log Browser High-Fidelity Behavioral Test Suite Event-Driven Zoom & Pan, Complete Decoder Types, & Error Catching should fall back to Chart.js v2 configuration format if Chart.version is v2", "invocations": 1, "location": null, "numPassingAsserts": 1, "retryReasons": [], "startAt": 1780567470808, "status": "passed", "title": "should fall back to Chart.js v2 configuration format if Chart.version is v2"}, {"ancestorTitles": ["Review Log Browser High-Fidelity Behavioral Test Suite", "Event-Driven Zoom & Pan, Complete Decoder Types, & Error Catching"], "duration": 76, "failing": false, "failureDetails": [], "failureMessages": [], "fullName": "Review Log Browser High-Fidelity Behavioral Test Suite Event-Driven Zoom & Pan, Complete Decoder Types, & Error Catching should fetch and plot from backend if msgData is missing for a clicked field", "invocations": 1, "location": null, "numPassingAsserts": 3, "retryReasons": [], "startAt": 1780567470886, "status": "passed", "title": "should fetch and plot from backend if msgData is missing for a clicked field"}, {"ancestorTitles": ["Review Log Browser High-Fidelity Behavioral Test Suite", "Event-Driven Zoom & Pan, Complete Decoder Types, & Error Catching"], "duration": 14, "failing": false, "failureDetails": [], "failureMessages": [], "fullName": "Review Log Browser High-Fidelity Behavioral Test Suite Event-Driven Zoom & Pan, Complete Decoder Types, & Error Catching should catch errors when _onSchemaReceived fails due to tree building issues", "invocations": 1, "location": null, "numPassingAsserts": 2, "retryReasons": [], "startAt": 1780567470963, "status": "passed", "title": "should catch errors when _onSchemaReceived fails due to tree building issues"}, {"ancestorTitles": ["Review Log Browser High-Fidelity Behavioral Test Suite", "Event-Driven Zoom & Pan, Complete Decoder Types, & Error Catching"], "duration": 36, "failing": false, "failureDetails": [], "failureMessages": [], "fullName": "Review Log Browser High-Fidelity Behavioral Test Suite Event-Driven Zoom & Pan, Complete Decoder Types, & Error Catching should catch decodeRow / processChunk errors gracefully when processChunk throws", "invocations": 1, "location": null, "numPassingAsserts": 1, "retryReasons": [], "startAt": 1780567470977, "status": "passed", "title": "should catch decodeRow / processChunk errors gracefully when processChunk throws"}], "endTime": 1780567471126, "message": "", "name": "E:\\TiHAN\\TflyGCS (1)\\TflyGCS\\test_frontend\\unit_test\\review-log.test.js", "startTime": 1780567468981, "status": "passed", "summary": ""}, {"assertionResults": [{"ancestorTitles": ["GCS Radio Calibration High-Fidelity Behavioral Test Suite (calib-radio.js)", "Layout Injection & Styling"], "duration": 132, "failing": false, "failureDetails": [], "failureMessages": [], "fullName": "GCS Radio Calibration High-Fidelity Behavioral Test Suite (calib-radio.js) Layout Injection & Styling should inject correct HTML templates and setup layout structural nodes", "invocations": 1, "location": null, "numPassingAsserts": 29, "retryReasons": [], "startAt": 1780567473344, "status": "passed", "title": "should inject correct HTML templates and setup layout structural nodes"}, {"ancestorTitles": ["GCS Radio Calibration High-Fidelity Behavioral Test Suite (calib-radio.js)", "Active Drone Sysid Resolution"], "duration": 74, "failing": false, "failureDetails": [], "failureMessages": [], "fullName": "GCS Radio Calibration High-Fidelity Behavioral Test Suite (calib-radio.js) Active Drone Sysid Resolution should fallback to 1 as default sysid", "invocations": 1, "location": null, "numPassingAsserts": 1, "retryReasons": [], "startAt": 1780567473477, "status": "passed", "title": "should fallback to 1 as default sysid"}, {"ancestorTitles": ["GCS Radio Calibration High-Fidelity Behavioral Test Suite (calib-radio.js)", "Active Drone Sysid Resolution"], "duration": 33, "failing": false, "failureDetails": [], "failureMessages": [], "fullName": "GCS Radio Calibration High-Fidelity Behavioral Test Suite (calib-radio.js) Active Drone Sysid Resolution should resolve sysid from window.activeSysid", "invocations": 1, "location": null, "numPassingAsserts": 1, "retryReasons": [], "startAt": 1780567473551, "status": "passed", "title": "should resolve sysid from window.activeSysid"}, {"ancestorTitles": ["GCS Radio Calibration High-Fidelity Behavioral Test Suite (calib-radio.js)", "Active Drone Sysid Resolution"], "duration": 27, "failing": false, "failureDetails": [], "failureMessages": [], "fullName": "GCS Radio Calibration High-Fidelity Behavioral Test Suite (calib-radio.js) Active Drone Sysid Resolution should resolve sysid from window.getActiveSysid()", "invocations": 1, "location": null, "numPassingAsserts": 1, "retryReasons": [], "startAt": 1780567473584, "status": "passed", "title": "should resolve sysid from window.getActiveSysid()"}, {"ancestorTitles": ["GCS Radio Calibration High-Fidelity Behavioral Test Suite (calib-radio.js)", "Active Drone Sysid Resolution"], "duration": 31, "failing": false, "failureDetails": [], "failureMessages": [], "fullName": "GCS Radio Calibration High-Fidelity Behavioral Test Suite (calib-radio.js) Active Drone Sysid Resolution should resolve sysid from broadcasted vehicles list", "invocations": 1, "location": null, "numPassingAsserts": 1, "retryReasons": [], "startAt": 1780567473611, "status": "passed", "title": "should resolve sysid from broadcasted vehicles list"}, {"ancestorTitles": ["GCS Radio Calibration High-Fidelity Behavioral Test Suite (calib-radio.js)", "Calibration Start Sequence & Signal Bounds"], "duration": 34, "failing": false, "failureDetails": [], "failureMessages": [], "fullName": "GCS Radio Calibration High-Fidelity Behavioral Test Suite (calib-radio.js) Calibration Start Sequence & Signal Bounds should trigger start state when calibrate button is clicked", "invocations": 1, "location": null, "numPassingAsserts": 6, "retryReasons": [], "startAt": 1780567473642, "status": "passed", "title": "should trigger start state when calibrate button is clicked"}, {"ancestorTitles": ["GCS Radio Calibration High-Fidelity Behavioral Test Suite (calib-radio.js)", "Live RC Channels Updates & Min/Max Bound Tracking"], "duration": 59, "failing": false, "failureDetails": [], "failureMessages": [], "fullName": "GCS Radio Calibration High-Fidelity Behavioral Test Suite (calib-radio.js) Live RC Channels Updates & Min/Max Bound Tracking should update horizontal scrollbar indicators (hbar) on roll channels", "invocations": 1, "location": null, "numPassingAsserts": 8, "retryReasons": [], "startAt": 1780567473676, "status": "passed", "title": "should update horizontal scrollbar indicators (hbar) on roll channels"}, {"ancestorTitles": ["GCS Radio Calibration High-Fidelity Behavioral Test Suite (calib-radio.js)", "Live RC Channels Updates & Min/Max Bound Tracking"], "duration": 45, "failing": false, "failureDetails": [], "failureMessages": [], "fullName": "GCS Radio Calibration High-Fidelity Behavioral Test Suite (calib-radio.js) Live RC Channels Updates & Min/Max Bound Tracking should update vertical sticks indicators (vstick) on pitch and throttle channels", "invocations": 1, "location": null, "numPassingAsserts": 8, "retryReasons": [], "startAt": 1780567473735, "status": "passed", "title": "should update vertical sticks indicators (vstick) on pitch and throttle channels"}, {"ancestorTitles": ["GCS Radio Calibration High-Fidelity Behavioral Test Suite (calib-radio.js)", "Live RC Channels Updates & Min/Max Bound Tracking"], "duration": 47, "failing": false, "failureDetails": [], "failureMessages": [], "fullName": "GCS Radio Calibration High-Fidelity Behavioral Test Suite (calib-radio.js) Live RC Channels Updates & Min/Max Bound Tracking should update auxiliary radio box grid on channels 5-14", "invocations": 1, "location": null, "numPassingAsserts": 8, "retryReasons": [], "startAt": 1780567473780, "status": "passed", "title": "should update auxiliary radio box grid on channels 5-14"}, {"ancestorTitles": ["GCS Radio Calibration High-Fidelity Behavioral Test Suite (calib-radio.js)", "Live RC Channels Updates & Min/Max Bound Tracking"], "duration": 19, "failing": false, "failureDetails": [], "failureMessages": [], "fullName": "GCS Radio Calibration High-Fidelity Behavioral Test Suite (calib-radio.js) Live RC Channels Updates & Min/Max Bound Tracking should support dispatching updates via custom window events", "invocations": 1, "location": null, "numPassingAsserts": 2, "retryReasons": [], "startAt": 1780567473833, "status": "passed", "title": "should support dispatching updates via custom window events"}, {"ancestorTitles": ["GCS Radio Calibration High-Fidelity Behavioral Test Suite (calib-radio.js)", "Completing Calibration Sequence"], "duration": 29, "failing": false, "failureDetails": [], "failureMessages": [], "fullName": "GCS Radio Calibration High-Fidelity Behavioral Test Suite (calib-radio.js) Completing Calibration Sequence should send completion command and trigger 2-second fallback timer", "invocations": 1, "location": null, "numPassingAsserts": 7, "retryReasons": [], "startAt": 1780567473853, "status": "passed", "title": "should send completion command and trigger 2-second fallback timer"}, {"ancestorTitles": ["GCS Radio Calibration High-Fidelity Behavioral Test Suite (calib-radio.js)", "Status Bar Messages & Success Toasts"], "duration": 57, "failing": false, "failureDetails": [], "failureMessages": [], "fullName": "GCS Radio Calibration High-Fidelity Behavioral Test Suite (calib-radio.js) Status Bar Messages & Success Toasts should display status messages and fire toasts", "invocations": 1, "location": null, "numPassingAsserts": 5, "retryReasons": [], "startAt": 1780567473883, "status": "passed", "title": "should display status messages and fire toasts"}, {"ancestorTitles": ["GCS Radio Calibration High-Fidelity Behavioral Test Suite (calib-radio.js)", "Complete Calibration Result Messages"], "duration": 54, "failing": false, "failureDetails": [], "failureMessages": [], "fullName": "GCS Radio Calibration High-Fidelity Behavioral Test Suite (calib-radio.js) Complete Calibration Result Messages should handle successful complete message, update indicators and show popup", "invocations": 1, "location": null, "numPassingAsserts": 10, "retryReasons": [], "startAt": 1780567473940, "status": "passed", "title": "should handle successful complete message, update indicators and show popup"}, {"ancestorTitles": ["GCS Radio Calibration High-Fidelity Behavioral Test Suite (calib-radio.js)", "Complete Calibration Result Messages"], "duration": 42, "failing": false, "failureDetails": [], "failureMessages": [], "fullName": "GCS Radio Calibration High-Fidelity Behavioral Test Suite (calib-radio.js) Complete Calibration Result Messages should handle failed complete message, update status and show popup", "invocations": 1, "location": null, "numPassingAsserts": 3, "retryReasons": [], "startAt": 1780567473994, "status": "passed", "title": "should handle failed complete message, update status and show popup"}, {"ancestorTitles": ["GCS Radio Calibration High-Fidelity Behavioral Test Suite (calib-radio.js)", "Complete Calibration Result Messages"], "duration": 36, "failing": false, "failureDetails": [], "failureMessages": [], "fullName": "GCS Radio Calibration High-Fidelity Behavioral Test Suite (calib-radio.js) Complete Calibration Result Messages should dismiss popup if clicking overlay background", "invocations": 1, "location": null, "numPassingAsserts": 2, "retryReasons": [], "startAt": 1780567474037, "status": "passed", "title": "should dismiss popup if clicking overlay background"}], "endTime": 1780567474195, "message": "", "name": "E:\\TiHAN\\TflyGCS (1)\\TflyGCS\\test_frontend\\unit_test\\calib-radio.test.js", "startTime": 1780567472890, "status": "passed", "summary": ""}, {"assertionResults": [{"ancestorTitles": ["GCS Vehicle Configuration Setup Panel High-Fidelity Behavioral Test Suite (vehicle-config.js)", "Overlay Lifecycle & Initial Setup"], "duration": 153, "failing": false, "failureDetails": [], "failureMessages": [], "fullName": "GCS Vehicle Configuration Setup Panel High-Fidelity Behavioral Test Suite (vehicle-config.js) Overlay Lifecycle & Initial Setup should open overlay, inject buildHTML elements, restore states, and scan ports", "invocations": 1, "location": null, "numPassingAsserts": 5, "retryReasons": [], "startAt": 1780567469903, "status": "passed", "title": "should open overlay, inject buildHTML elements, restore states, and scan ports"}, {"ancestorTitles": ["GCS Vehicle Configuration Setup Panel High-Fidelity Behavioral Test Suite (vehicle-config.js)", "Overlay Lifecycle & Initial Setup"], "duration": 55, "failing": false, "failureDetails": [], "failureMessages": [], "fullName": "GCS Vehicle Configuration Setup Panel High-Fidelity Behavioral Test Suite (vehicle-config.js) Overlay Lifecycle & Initial Setup should smoothly hide overlay with fade-out delay when closed", "invocations": 1, "location": null, "numPassingAsserts": 2, "retryReasons": [], "startAt": 1780567470058, "status": "passed", "title": "should smoothly hide overlay with fade-out delay when closed"}, {"ancestorTitles": ["GCS Vehicle Configuration Setup Panel High-Fidelity Behavioral Test Suite (vehicle-config.js)", "Overlay Lifecycle & Initial Setup"], "duration": 165, "failing": false, "failureDetails": [], "failureMessages": [], "fullName": "GCS Vehicle Configuration Setup Panel High-Fidelity Behavioral Test Suite (vehicle-config.js) Overlay Lifecycle & Initial Setup should trigger close when close button or overlay backdrop background is clicked", "invocations": 1, "location": null, "numPassingAsserts": 2, "retryReasons": [], "startAt": 1780567470113, "status": "passed", "title": "should trigger close when close button or overlay backdrop background is clicked"}, {"ancestorTitles": ["GCS Vehicle Configuration Setup Panel High-Fidelity Behavioral Test Suite (vehicle-config.js)", "Serial Port Population & Management"], "duration": 77, "failing": false, "failureDetails": [], "failureMessages": [], "fullName": "GCS Vehicle Configuration Setup Panel High-Fidelity Behavioral Test Suite (vehicle-config.js) Serial Port Population & Management should present placeholder scanning row in port table initially", "invocations": 1, "location": null, "numPassingAsserts": 3, "retryReasons": [], "startAt": 1780567470278, "status": "passed", "title": "should present placeholder scanning row in port table initially"}, {"ancestorTitles": ["GCS Vehicle Configuration Setup Panel High-Fidelity Behavioral Test Suite (vehicle-config.js)", "Serial Port Population & Management"], "duration": 88, "failing": false, "failureDetails": [], "failureMessages": [], "fullName": "GCS Vehicle Configuration Setup Panel High-Fidelity Behavioral Test Suite (vehicle-config.js) Serial Port Population & Management should populate list when serial_ports message arrives and allow port selection", "invocations": 1, "location": null, "numPassingAsserts": 9, "retryReasons": [], "startAt": 1780567470355, "status": "passed", "title": "should populate list when serial_ports message arrives and allow port selection"}, {"ancestorTitles": ["GCS Vehicle Configuration Setup Panel High-Fidelity Behavioral Test Suite (vehicle-config.js)", "Serial Port Population & Management"], "duration": 87, "failing": false, "failureDetails": [], "failureMessages": [], "fullName": "GCS Vehicle Configuration Setup Panel High-Fidelity Behavioral Test Suite (vehicle-config.js) Serial Port Population & Management should display warning in log when empty port scan occurs", "invocations": 1, "location": null, "numPassingAsserts": 3, "retryReasons": [], "startAt": 1780567470444, "status": "passed", "title": "should display warning in log when empty port scan occurs"}, {"ancestorTitles": ["GCS Vehicle Configuration Setup Panel High-Fidelity Behavioral Test Suite (vehicle-config.js)", "Serial Port Population & Management"], "duration": 59, "failing": false, "failureDetails": [], "failureMessages": [], "fullName": "GCS Vehicle Configuration Setup Panel High-Fidelity Behavioral Test Suite (vehicle-config.js) Serial Port Population & Management should dispatch list_serial_ports command on clicking refresh ports button", "invocations": 1, "location": null, "numPassingAsserts": 1, "retryReasons": [], "startAt": 1780567470531, "status": "passed", "title": "should dispatch list_serial_ports command on clicking refresh ports button"}, {"ancestorTitles": ["GCS Vehicle Configuration Setup Panel High-Fidelity Behavioral Test Suite (vehicle-config.js)", "Drone Security & Unlock Password Modal"], "duration": 69, "failing": false, "failureDetails": [], "failureMessages": [], "fullName": "GCS Vehicle Configuration Setup Panel High-Fidelity Behavioral Test Suite (vehicle-config.js) Drone Security & Unlock Password Modal should display security backdrop and modal card upon unlock request", "invocations": 1, "location": null, "numPassingAsserts": 3, "retryReasons": [], "startAt": 1780567470590, "status": "passed", "title": "should display security backdrop and modal card upon unlock request"}, {"ancestorTitles": ["GCS Vehicle Configuration Setup Panel High-Fidelity Behavioral Test Suite (vehicle-config.js)", "Drone Security & Unlock Password Modal"], "duration": 66, "failing": false, "failureDetails": [], "failureMessages": [], "fullName": "GCS Vehicle Configuration Setup Panel High-Fidelity Behavioral Test Suite (vehicle-config.js) Drone Security & Unlock Password Modal should toggle password visibility on clicking the unmask eye toggle button", "invocations": 1, "location": null, "numPassingAsserts": 3, "retryReasons": [], "startAt": 1780567470659, "status": "passed", "title": "should toggle password visibility on clicking the unmask eye toggle button"}, {"ancestorTitles": ["GCS Vehicle Configuration Setup Panel High-Fidelity Behavioral Test Suite (vehicle-config.js)", "Drone Security & Unlock Password Modal"], "duration": 60, "failing": false, "failureDetails": [], "failureMessages": [], "fullName": "GCS Vehicle Configuration Setup Panel High-Fidelity Behavioral Test Suite (vehicle-config.js) Drone Security & Unlock Password Modal should trigger shaking animation and display error message on wrong password", "invocations": 1, "location": null, "numPassingAsserts": 5, "retryReasons": [], "startAt": 1780567470725, "status": "passed", "title": "should trigger shaking animation and display error message on wrong password"}, {"ancestorTitles": ["GCS Vehicle Configuration Setup Panel High-Fidelity Behavioral Test Suite (vehicle-config.js)", "Drone Security & Unlock Password Modal"], "duration": 142, "failing": false, "failureDetails": [], "failureMessages": [], "fullName": "GCS Vehicle Configuration Setup Panel High-Fidelity Behavioral Test Suite (vehicle-config.js) Drone Security & Unlock Password Modal should complete unlock, persist state, and unlock install button on correct password", "invocations": 1, "location": null, "numPassingAsserts": 5, "retryReasons": [], "startAt": 1780567470792, "status": "passed", "title": "should complete unlock, persist state, and unlock install button on correct password"}, {"ancestorTitles": ["GCS Vehicle Configuration Setup Panel High-Fidelity Behavioral Test Suite (vehicle-config.js)", "Drone Security & Unlock Password Modal"], "duration": 95, "failing": false, "failureDetails": 
[...]
 WaypointManager is missing"}, {"ancestorTitles": ["GCS Flight Plan Waypoint High-Fidelity Behavioral Test Suite (plan-flight-waypoint.js)", "Function: handleWaypointActions"], "duration": 4, "failing": false, "failureDetails": [], "failureMessages": [], "fullName": "GCS Flight Plan Waypoint High-Fidelity Behavioral Test Suite (plan-flight-waypoint.js) Function: handleWaypointActions should cancel active PolygonManager drawing before executing waypoint actions", "invocations": 1, "location": null, "numPassingAsserts": 3, "retryReasons": [], "startAt": 1780567479365, "status": "passed", "title": "should cancel active PolygonManager drawing before executing waypoint actions"}, {"ancestorTitles": ["GCS Flight Plan Waypoint High-Fidelity Behavioral Test Suite (plan-flight-waypoint.js)", "Function: handleWaypointActions"], "duration": 2, "failing": false, "failureDetails": [], "failureMessages": [], "fullName": "GCS Flight Plan Waypoint High-Fidelity Behavioral Test Suite (plan-flight-waypoint.js) Function: handleWaypointActions should route matching waypoint actions to their respective handlers", "invocations": 1, "location": null, "numPassingAsserts": 4, "retryReasons": [], "startAt": 1780567479369, "status": "passed", "title": "should route matching waypoint actions to their respective handlers"}, {"ancestorTitles": ["GCS Flight Plan Waypoint High-Fidelity Behavioral Test Suite (plan-flight-waypoint.js)", "Function: logMarkersToConsole"], "duration": 6, "failing": false, "failureDetails": [], "failureMessages": [], "fullName": "GCS Flight Plan Waypoint High-Fidelity Behavioral Test Suite (plan-flight-waypoint.js) Function: logMarkersToConsole should log console warning if getWaypoints returns empty list", "invocations": 1, "location": null, "numPassingAsserts": 2, "retryReasons": [], "startAt": 1780567479382, "status": "passed", "title": "should log console warning if getWaypoints returns empty list"}, {"ancestorTitles": ["GCS Flight Plan Waypoint High-Fidelity Behavioral Test Suite (plan-flight-waypoint.js)", "Function: logMarkersToConsole"], "duration": 11, "failing": false, "failureDetails": [], "failureMessages": [], "fullName": "GCS Flight Plan Waypoint High-Fidelity Behavioral Test Suite (plan-flight-waypoint.js) Function: logMarkersToConsole should log coordinates, JSON strings, and console table formatted outputs", "invocations": 1, "location": null, "numPassingAsserts": 6, "retryReasons": [], "startAt": 1780567479389, "status": "passed", "title": "should log coordinates, JSON strings, and console table formatted outputs"}], "endTime": 1780567479490, "message": "", "name": "E:\\TiHAN\\TflyGCS (1)\\TflyGCS\\test_frontend\\unit_test\\plan-flight-waypoint.test.js", "startTime": 1780567478771, "status": "passed", "summary": ""}, {"assertionResults": [{"ancestorTitles": ["GCS Flight Plan Center Actions High-Fidelity Behavioral Test Suite (plan-flight-center.js)", "Function: handleCenterActions Routing"], "duration": 9, "failing": false, "failureDetails": [], "failureMessages": [], "fullName": "GCS Flight Plan Center Actions High-Fidelity Behavioral Test Suite (plan-flight-center.js) Function: handleCenterActions Routing should route matching center actions to their respective handlers", "invocations": 1, "location": null, "numPassingAsserts": 4, "retryReasons": [], "startAt": 1780567479119, "status": "passed", "title": "should route matching center actions to their respective handlers"}, {"ancestorTitles": ["GCS Flight Plan Center Actions High-Fidelity Behavioral Test Suite (plan-flight-center.js)", "Function: centerMission"], "duration": 2, "failing": false, "failureDetails": [], "failureMessages": [], "fullName": "GCS Flight Plan Center Actions High-Fidelity Behavioral Test Suite (plan-flight-center.js) Function: centerMission should error if WaypointManager is not available", "invocations": 1, "location": null, "numPassingAsserts": 2, "retryReasons": [], "startAt": 1780567479130, "status": "passed", "title": "should error if WaypointManager is not available"}, {"ancestorTitles": ["GCS Flight Plan Center Actions High-Fidelity Behavioral Test Suite (plan-flight-center.js)", "Function: centerMission"], "duration": 3, "failing": false, "failureDetails": [], "failureMessages": [], "fullName": "GCS Flight Plan Center Actions High-Fidelity Behavioral Test Suite (plan-flight-center.js) Function: centerMission should trigger alert warning if waypoints are empty", "invocations": 1, "location": null, "numPassingAsserts": 2, "retryReasons": [], "startAt": 1780567479132, "status": "passed", "title": "should trigger alert warning if waypoints are empty"}, {"ancestorTitles": ["GCS Flight Plan Center Actions High-Fidelity Behavioral Test Suite (plan-flight-center.js)", "Function: centerMission"], "duration": 1, "failing": false, "failureDetails": [], "failureMessages": [], "fullName": "GCS Flight Plan Center Actions High-Fidelity Behavioral Test Suite (plan-flight-center.js) Function: centerMission should invoke centerMission on WaypointManager and update MsgConsole on success", "invocations": 1, "location": null, "numPassingAsserts": 2, "retryReasons": [], "startAt": 1780567479135, "status": "passed", "title": "should invoke centerMission on WaypointManager and update MsgConsole on success"}, {"ancestorTitles": ["GCS Flight Plan Center Actions High-Fidelity Behavioral Test Suite (plan-flight-center.js)", "Function: centerVehicle"], "duration": 1, "failing": false, "failureDetails": [], "failureMessages": [], "fullName": "GCS Flight Plan Center Actions High-Fidelity Behavioral Test Suite (plan-flight-center.js) Function: centerVehicle should warning alert if vehicle position or tmap is missing", "invocations": 1, "location": null, "numPassingAsserts": 2, "retryReasons": [], "startAt": 1780567479137, "status": "passed", "title": "should warning alert if vehicle position or tmap is missing"}, {"ancestorTitles": ["GCS Flight Plan Center Actions High-Fidelity Behavioral Test Suite (plan-flight-center.js)", "Function: centerVehicle"], "duration": 1, "failing": false, "failureDetails": [], "failureMessages": [], "fullName": "GCS Flight Plan Center Actions High-Fidelity Behavioral Test Suite (plan-flight-center.js) Function: centerVehicle should warning alert if GPS position is invalid", "invocations": 1, "location": null, "numPassingAsserts": 2, "retryReasons": [], "startAt": 1780567479139, "status": "passed", "title": "should warning alert if GPS position is invalid"}, {"ancestorTitles": ["GCS Flight Plan Center Actions High-Fidelity Behavioral Test Suite (plan-flight-center.js)", "Function: centerVehicle"], "duration": 1, "failing": false, "failureDetails": [], "failureMessages": [], "fullName": "GCS Flight Plan Center Actions High-Fidelity Behavioral Test Suite (plan-flight-center.js) Function: centerVehicle should update map coordinates when valid GPS coordinates are present", "invocations": 1, "location": null, "numPassingAsserts": 2, "retryReasons": [], "startAt": 1780567479141, "status": "passed", "title": "should update map coordinates when valid GPS coordinates are present"}, {"ancestorTitles": ["GCS Flight Plan Center Actions High-Fidelity Behavioral Test Suite (plan-flight-center.js)", "Function: centerHome"], "duration": 2, "failing": false, "failureDetails": [], "failureMessages": [], "fullName": "GCS Flight Plan Center Actions High-Fidelity Behavioral Test Suite (plan-flight-center.js) Function: centerHome should error if WaypointManager is missing", "invocations": 1, "location": null, "numPassingAsserts": 2, "retryReasons": [], "startAt": 1780567479143, "status": "passed", "title": "should error if WaypointManager is missing"}, {"ancestorTitles": ["GCS Flight Plan Center Actions High-Fidelity Behavioral Test Suite (plan-flight-center.js)", "Function: centerHome"], "duration": 5, "failing": false, "failureDetails": [], "failureMessages": [], "fullName": "GCS Flight Plan Center Actions High-Fidelity Behavioral Test Suite (plan-flight-center.js) Function: centerHome should warning alert if home position is not set", "invocations": 1, "location": null, "numPassingAsserts": 2, "retryReasons": [], "startAt": 1780567479145, "status": "passed", "title": "should warning alert if home position is not set"}, {"ancestorTitles": ["GCS Flight Plan Center Actions High-Fidelity Behavioral Test Suite (plan-flight-center.js)", "Function: centerHome"], "duration": 2, "failing": false, "failureDetails": [], "failureMessages": [], "fullName": "GCS Flight Plan Center Actions High-Fidelity Behavioral Test Suite (plan-flight-center.js) Function: centerHome should invoke centerHome on WaypointManager on success", "invocations": 1, "location": null, "numPassingAsserts": 2, "retryReasons": [], "startAt": 1780567479150, "status": "passed", "title": "should invoke centerHome on WaypointManager on success"}], "endTime": 1780567479240, "message": "", "name": "E:\\TiHAN\\TflyGCS (1)\\TflyGCS\\test_frontend\\unit_test\\plan-flight-center.test.js", "startTime": 1780567478559, "status": "passed", "summary": ""}, {"assertionResults": [{"ancestorTitles": ["GCS RC Switch Options Panel High-Fidelity Behavioral Test Suite (param-switch.js)", "Layout and Selection Maps"], "duration": 1170, "failing": false, "failureDetails": [], "failureMessages": [], "fullName": "GCS RC Switch Options Panel High-Fidelity Behavioral Test Suite (param-switch.js) Layout and Selection Maps should inject correct structural grids and populate the 8 auxiliary switch rows", "invocations": 1, "location": null, "numPassingAsserts": 6, "retryReasons": [], "startAt": 1780567469884, "status": "passed", "title": "should inject correct structural grids and populate the 8 auxiliary switch rows"}, {"ancestorTitles": ["GCS RC Switch Options Panel High-Fidelity Behavioral Test Suite (param-switch.js)", "Layout and Selection Maps"], "duration": 770, "failing": false, "failureDetails": [], "failureMessages": [], "fullName": "GCS RC Switch Options Panel High-Fidelity Behavioral Test Suite (param-switch.js) Layout and Selection Maps should contain full QGC-compliant option dropdown values in alphabetical order", "invocations": 1, "location": null, "numPassingAsserts": 3, "retryReasons": [], "startAt": 1780567471055, "status": "passed", "title": "should contain full QGC-compliant option dropdown values in alphabetical order"}, {"ancestorTitles": ["GCS RC Switch Options Panel High-Fidelity Behavioral Test Suite (param-switch.js)", "Staggered Parameter Fetch Queue"], "duration": 1144, "failing": false, "failureDetails": [], "failureMessages": [], "fullName": "GCS RC Switch Options Panel High-Fidelity Behavioral Test Suite (param-switch.js) Staggered Parameter Fetch Queue should trigger staggered param_request_one calls upon reading from FC", "invocations": 1, "location": null, "numPassingAsserts": 4, "retryReasons": [], "startAt": 1780567471826, "status": "passed", "title": "should trigger staggered param_request_one calls upon reading from FC"}, {"ancestorTitles": ["GCS RC Switch Options Panel High-Fidelity Behavioral Test Suite (param-switch.js)", "Progress Bar & Backend Stream Updates"], "duration": 1040, "failing": false, "failureDetails": [], "failureMessages": [], "fullName": "GCS RC Switch Options Panel High-Fidelity Behavioral Test Suite (param-switch.js) Progress Bar & Backend Stream Updates should show correct percentage progress during parameter loading streams", "invocations": 1, "location": null, "numPassingAsserts": 7, "retryReasons": [], "startAt": 1780567472970, "status": "passed", "title": "should show correct percentage progress during parameter loading streams"}, {"ancestorTitles": ["GCS RC Switch Options Panel High-Fidelity Behavioral Test Suite (param-switch.js)", "Option Changing, Flagging Unsaved Changes & Writing/Broadcasting"], "duration": 691, "failing": false, "failureDetails": [], "failureMessages": [], "fullName": "GCS RC Switch Options Panel High-Fidelity Behavioral Test Suite (param-switch.js) Option Changing, Flagging Unsaved Changes & Writing/Broadcasting should style active cards as dirty and enable writing when select options change", "invocations": 1, "location": null, "numPassingAsserts": 5, "retryReasons": [], "startAt": 1780567474010, "status": "passed", "title": "should style active cards as dirty and enable writing when select options change"}, {"ancestorTitles": ["GCS RC Switch Options Panel High-Fidelity Behavioral Test Suite (param-switch.js)", "Option Changing, Flagging Unsaved Changes & Writing/Broadcasting"], "duration": 1160, "failing": false, "failureDetails": [], "failureMessages": [], "fullName": "GCS RC Switch Options Panel High-Fidelity Behavioral Test Suite (param-switch.js) Option Changing, Flagging Unsaved Changes & Writing/Broadcasting should transmit param_set only for modified rows targeting the active drone", "invocations": 1, "location": null, "numPassingAsserts": 5, "retryReasons": [], "startAt": 1780567474702, "status": "passed", "title": "should transmit param_set only for modified rows targeting the active drone"}, {"ancestorTitles": ["GCS RC Switch Options Panel High-Fidelity Behavioral Test Suite (param-switch.js)", "Option Changing, Flagging Unsaved Changes & Writing/Broadcasting"], "duration": 1050, "failing": false, "failureDetails": [], "failureMessages": [], "fullName": "GCS RC Switch Options Panel High-Fidelity Behavioral Test Suite (param-switch.js) Option Changing, Flagging Unsaved Changes & Writing/Broadcasting should broadcast param_set to all active drone fleet sysids if selectedSysId is 0 (All Drones)", "invocations": 1, "location": null, "numPassingAsserts": 4, "retryReasons": [], "startAt": 1780567475863, "status": "passed", "title": "should broadcast param_set to all active drone fleet sysids if selectedSysId is 0 (All Drones)"}, {"ancestorTitles": ["GCS RC Switch Options Panel High-Fidelity Behavioral Test Suite (param-switch.js)", "Reset Defaults & Confirmation Handling"], "duration": 1110, "failing": false, "failureDetails": [], "failureMessages": [], "fullName": "GCS RC Switch Options Panel High-Fidelity Behavioral Test Suite (param-switch.js) Reset Defaults & Confirmation Handling should prompt user and reset UI selections to defaults upon confirmation without writing to flight controller", "invocations": 1, "location": null, "numPassingAsserts": 6, "retryReasons": [], "startAt": 1780567476914, "status": "passed", "title": "should prompt user and reset UI selections to defaults upon confirmation without writing to flight controller"}, {"ancestorTitles": ["GCS RC Switch Options Panel High-Fidelity Behavioral Test Suite (param-switch.js)", "WebSocket, Backend Message and Event Handling Edge Cases"], "duration": 595, "failing": false, "failureDetails": [], "failureMessages": [], "fullName": "GCS RC Switch Options Panel High-Fidelity Behavioral Test Suite (param-switch.js) WebSocket, Backend Message and Event Handling Edge Cases should retry connecting WebSocket on close event after timeout", "invocations": 1, "location": null, "numPassingAsserts": 4, "retryReasons": [], "startAt": 1780567478025, "status": "passed", "title": "should retry connecting WebSocket on close event after timeout"}, {"ancestorTitles": ["GCS RC Switch Options Panel High-Fidelity Behavioral Test Suite (param-switch.js)", "WebSocket, Backend Message and Event Handling Edge Cases"], "duration": 597, "failing": false, "failureDetails": [], "failureMessages": [], "fullName": "GCS RC Switch Options Panel High-Fidelity Behavioral Test Suite (param-switch.js) WebSocket, Backend Message and Event Handling Edge Cases should log error on private socket errors", "invocations": 1, "location": null, "numPassingAsserts": 1, "retryReasons": [], "startAt": 1780567478621, "status": "passed", "title": "should log error on private socket errors"}, {"ancestorTitles": ["GCS RC Switch Options Panel High-Fidelity Behavioral Test Suite (param-switch.js)", "WebSocket, Backend Message and Event Handling Edge Cases"], "duration": 1126, "failing": false, "failureDetails": [], "failureMessages": [], "fullName": "GCS RC Switch Options Panel High-Fidelity Behavioral Test Suite (param-switch.js) WebSocket, Backend Message and Event Handling Edge Cases should handle backend param_error message", "invocations": 1, "location": null, "numPassingAsserts": 2, "retryReasons": [], "startAt": 1780567479218, "status": "passed", "title": "should handle backend param_error message"}, {"ancestorTitles": ["GCS RC Switch Options Panel High-Fidelity Behavioral Test Suite (param-switch.js)", "WebSocket, Backend Message and Event Handling Edge Cases"], "duration": 572, "failing": false, "failureDetails": [], "failureMessages": [], "fullName": "GCS RC Switch Options Panel High-Fidelity Behavioral Test Suite (param-switch.js) WebSocket, Backend Message and Event Handling Edge Cases should handle backend param_set_sent message", "invocations": 1, "location": null, "numPassingAsserts": 1, "retryReasons": [], "startAt": 1780567480344, "status": "passed", "title": "should handle backend param_set_sent message"}, {"ancestorTitles": ["GCS RC Switch Options Panel High-Fidelity Behavioral Test Suite (param-switch.js)", "WebSocket, Backend Message and Event Handling Edge Cases"], "duration": 635, "failing": false, "failureDetails": [], "failureMessages": [], "fullName": "GCS RC Switch Options Panel High-Fidelity Behavioral Test Suite (param-switch.js) WebSocket, Backend Message and Event Handling Edge Cases should ignore unrecognized backend message types", "invocations": 1, "location": null, "numPassingAsserts": 1, "retryReasons": [], "startAt": 1780567480917, "status": "passed", "title": "should ignore unrecognized backend message types"}, {"ancestorTitles": ["GCS RC Switch Options Panel High-Fidelity Behavioral Test Suite (param-switch.js)", "WebSocket, Backend Message and Event Handling Edge Cases"], "duration": 767, "failing": false, "failureDetails": [], "failureMessages": [], "fullName": "GCS RC Switch Options Panel High-Fidelity Behavioral Test Suite (param-switch.js) WebSocket, Backend Message and Event Handling Edge Cases should update local cached channels and reset dirty states on vehicle_selected event", "invocations": 1, "location": null, "numPassingAsserts": 3, "retryReasons": [], "startAt": 1780567481553, "status": "passed", "title": "should update local cached channels and reset dirty states on vehicle_selected event"}, {"ancestorTitles": ["GCS RC Switch Options Panel High-Fidelity Behavioral Test Suite (param-switch.js)", "WebSocket, Backend Message and Event Handling Edge Cases"], "duration": 427, "failing": false, "failureDetails": [], "failureMessages": [], "fullName": "GCS RC Switch Options Panel High-Fidelity Behavioral Test Suite (param-switch.js) WebSocket, Backend Message and Event Handling Edge Cases should fallback to private ws for writing if shared ws is closed", "invocations": 1, "location": null, "numPassingAsserts": 1, "retryReasons": [], "startAt": 1780567482320, "status": "passed", "title": "should fallback to private ws for writing if shared ws is closed"}, {"ancestorTitles": ["GCS RC Switch Options Panel High-Fidelity Behavioral Test Suite (param-switch.js)", "WebSocket, Backend Message and Event Handling Edge Cases"], "duration": 289, "failing": false, "failureDetails": [], "failureMessages": [], "fullName": "GCS RC Switch Options Panel High-Fidelity Behavioral Test Suite (param-switch.js) WebSocket, Backend Message and Event Handling Edge Cases should log error when trying to write while both sockets are disconnected", "invocations": 1, "location": null, "numPassingAsserts": 1, "retryReasons": [], "startAt": 1780567482747, "status": "passed", "title": "should log error when trying to write while both sockets are disconnected"}], "endTime": 1780567483094, "message": "", "name": "E:\\TiHAN\\TflyGCS (1)\\TflyGCS\\test_frontend\\unit_test\\param-switch.test.js", "startTime": 1780567469011, "status": "passed", "summary": ""}], "wasInterrupted": false, "coverageMap": {}}